This is pdfTeX, Version 3.14159265-2.6-1.40.16 (TeX Live 2015) (preloaded format=pdflatex 2015.5.24)  12 APR 2018 18:17
entering extended mode
 restricted \write18 enabled.
 file:line:error style messages enabled.
 %&-line parsing enabled.
**keele_diss.tex
(./keele_diss.tex
LaTeX2e <2015/01/01>
Babel <3.9l> and hyphenation patterns for 79 languages loaded.
(./common/preamble.tex
(/usr/local/texlive/2015/texmf-dist/tex/latex/base/report.cls
Document Class: report 2014/09/29 v1.4h Standard LaTeX document class
(/usr/local/texlive/2015/texmf-dist/tex/latex/base/size11.clo
File: size11.clo 2014/09/29 v1.4h Standard LaTeX file (size option)
)
\c@part=\count79
\c@chapter=\count80
\c@section=\count81
\c@subsection=\count82
\c@subsubsection=\count83
\c@paragraph=\count84
\c@subparagraph=\count85
\c@figure=\count86
\c@table=\count87
\abovecaptionskip=\skip41
\belowcaptionskip=\skip42
\bibindent=\dimen102
)
(/usr/local/texlive/2015/texmf-dist/tex/latex/geometry/geometry.sty
Package: geometry 2010/09/12 v5.6 Page Geometry

(/usr/local/texlive/2015/texmf-dist/tex/latex/graphics/keyval.sty
Package: keyval 2014/10/28 v1.15 key=value parser (DPC)
\KV@toks@=\toks14
)
(/usr/local/texlive/2015/texmf-dist/tex/generic/oberdiek/ifpdf.sty
Package: ifpdf 2011/01/30 v2.3 Provides the ifpdf switch (HO)
Package ifpdf Info: pdfTeX in PDF mode is detected.
)
(/usr/local/texlive/2015/texmf-dist/tex/generic/oberdiek/ifvtex.sty
Package: ifvtex 2010/03/01 v1.5 Detect VTeX and its facilities (HO)
Package ifvtex Info: VTeX not detected.
)
(/usr/local/texlive/2015/texmf-dist/tex/generic/ifxetex/ifxetex.sty
Package: ifxetex 2010/09/12 v0.6 Provides ifxetex conditional
)
\Gm@cnth=\count88
\Gm@cntv=\count89
\c@Gm@tempcnt=\count90
\Gm@bindingoffset=\dimen103
\Gm@wd@mp=\dimen104
\Gm@odd@mp=\dimen105
\Gm@even@mp=\dimen106
\Gm@layoutwidth=\dimen107
\Gm@layoutheight=\dimen108
\Gm@layouthoffset=\dimen109
\Gm@layoutvoffset=\dimen110
\Gm@dimlist=\toks15
)
(/usr/local/texlive/2015/texmf-dist/tex/latex/setspace/setspace.sty
Package: setspace 2011/12/19 v6.7a set line spacing
)
(/usr/local/texlive/2015/texmf-dist/tex/latex/titlesec/titlesec.sty
Package: titlesec 2011/12/15 v2.10.0 Sectioning titles
\ttl@box=\box26
\beforetitleunit=\skip43
\aftertitleunit=\skip44
\ttl@plus=\dimen111
\ttl@minus=\dimen112
\ttl@toksa=\toks16
\titlewidth=\dimen113
\titlewidthlast=\dimen114
\titlewidthfirst=\dimen115
)
(/usr/local/texlive/2015/texmf-dist/tex/latex/tocloft/tocloft.sty
Package: tocloft 2013/05/02 v2.3f parameterised ToC, etc., typesetting
Package tocloft Info: The document has chapter divisions on input line 44.
\cftparskip=\skip45
\cftbeforetoctitleskip=\skip46
\cftaftertoctitleskip=\skip47
\cftbeforepartskip=\skip48
\cftpartnumwidth=\skip49
\cftpartindent=\skip50
\cftbeforechapskip=\skip51
\cftchapindent=\skip52
\cftchapnumwidth=\skip53
\cftbeforesecskip=\skip54
\cftsecindent=\skip55
\cftsecnumwidth=\skip56
\cftbeforesubsecskip=\skip57
\cftsubsecindent=\skip58
\cftsubsecnumwidth=\skip59
\cftbeforesubsubsecskip=\skip60
\cftsubsubsecindent=\skip61
\cftsubsubsecnumwidth=\skip62
\cftbeforeparaskip=\skip63
\cftparaindent=\skip64
\cftparanumwidth=\skip65
\cftbeforesubparaskip=\skip66
\cftsubparaindent=\skip67
\cftsubparanumwidth=\skip68
\cftbeforeloftitleskip=\skip69
\cftafterloftitleskip=\skip70
\cftbeforefigskip=\skip71
\cftfigindent=\skip72
\cftfignumwidth=\skip73
\cftbeforelottitleskip=\skip74
\cftafterlottitleskip=\skip75
\cftbeforetabskip=\skip76
\cfttabindent=\skip77
\cfttabnumwidth=\skip78
\cftbeforesubfigskip=\skip79
\cftsubfigindent=\skip80
\cftsubfignumwidth=\skip81
\cftbeforesubtabskip=\skip82
\cftsubtabindent=\skip83
\cftsubtabnumwidth=\skip84
)
(/usr/local/texlive/2015/texmf-dist/tex/latex/marvosym/marvosym.sty
Package: marvosym 2011/07/20 v2.2 Martin Vogel's Symbols font definitions
)
(/usr/local/texlive/2015/texmf-dist/tex/latex/natbib/natbib.sty
Package: natbib 2010/09/13 8.31b (PWD, AO)
\bibhang=\skip85
\bibsep=\skip86
LaTeX Info: Redefining \cite on input line 694.
\c@NAT@ctr=\count91
)
(/usr/local/texlive/2015/texmf-dist/tex/latex/natbib/bibentry.sty
Package: bibentry 2007/10/30 1.5 (PWD)
)
(./keele_diss.bbl)
(/usr/local/texlive/2015/texmf-dist/tex/latex/subfigure/subfigure.sty
Package: subfigure 2002/03/15 v2.1.5 subfigure package
\subfigtopskip=\skip87
\subfigcapskip=\skip88
\subfigcaptopadj=\dimen116
\subfigbottomskip=\skip89
\subfigcapmargin=\dimen117
\subfiglabelskip=\skip90
\c@subfigure=\count92
\c@lofdepth=\count93
\c@subtable=\count94
\c@lotdepth=\count95

****************************************
* Local config file subfigure.cfg used *
****************************************
(/usr/local/texlive/2015/texmf-dist/tex/latex/subfigure/subfigure.cfg)
\subfig@top=\skip91
\subfig@bottom=\skip92
)
(/usr/local/texlive/2015/texmf-dist/tex/latex/graphics/epsfig.sty
Package: epsfig 1999/02/16 v1.7a (e)psfig emulation (SPQR)

(/usr/local/texlive/2015/texmf-dist/tex/latex/graphics/graphicx.sty
Package: graphicx 2014/10/28 v1.0g Enhanced LaTeX Graphics (DPC,SPQR)

(/usr/local/texlive/2015/texmf-dist/tex/latex/graphics/graphics.sty
Package: graphics 2014/10/28 v1.0p Standard LaTeX Graphics (DPC,SPQR)

(/usr/local/texlive/2015/texmf-dist/tex/latex/graphics/trig.sty
Package: trig 1999/03/16 v1.09 sin cos tan (DPC)
)
(/usr/local/texlive/2015/texmf-dist/tex/latex/latexconfig/graphics.cfg
File: graphics.cfg 2010/04/23 v1.9 graphics configuration of TeX Live
)
Package graphics Info: Driver file: pdftex.def on input line 94.

(/usr/local/texlive/2015/texmf-dist/tex/latex/pdftex-def/pdftex.def
File: pdftex.def 2011/05/27 v0.06d Graphics/color for pdfTeX

(/usr/local/texlive/2015/texmf-dist/tex/generic/oberdiek/infwarerr.sty
Package: infwarerr 2010/04/08 v1.3 Providing info/warning/error messages (HO)
)
(/usr/local/texlive/2015/texmf-dist/tex/generic/oberdiek/ltxcmds.sty
Package: ltxcmds 2011/11/09 v1.22 LaTeX kernel commands for general use (HO)
)
\Gread@gobject=\count96
))
\Gin@req@height=\dimen118
\Gin@req@width=\dimen119
)
\epsfxsize=\dimen120
\epsfysize=\dimen121
)
(/usr/local/texlive/2015/texmf-dist/tex/latex/booktabs/booktabs.sty
Package: booktabs 2005/04/14 v1.61803 publication quality tables
\heavyrulewidth=\dimen122
\lightrulewidth=\dimen123
\cmidrulewidth=\dimen124
\belowrulesep=\dimen125
\belowbottomsep=\dimen126
\aboverulesep=\dimen127
\abovetopsep=\dimen128
\cmidrulesep=\dimen129
\cmidrulekern=\dimen130
\defaultaddspace=\dimen131
\@cmidla=\count97
\@cmidlb=\count98
\@aboverulesep=\dimen132
\@belowrulesep=\dimen133
\@thisruleclass=\count99
\@lastruleclass=\count100
\@thisrulewidth=\dimen134
)
(/usr/local/texlive/2015/texmf-dist/tex/latex/tools/multicol.sty
Package: multicol 2015/03/31 v1.8m multicolumn formatting (FMi)
\c@tracingmulticols=\count101
\mult@box=\box27
\multicol@leftmargin=\dimen135
\c@unbalance=\count102
\c@collectmore=\count103
\doublecol@number=\count104
\multicoltolerance=\count105
\multicolpretolerance=\count106
\full@width=\dimen136
\page@free=\dimen137
\premulticols=\dimen138
\postmulticols=\dimen139
\multicolsep=\skip93
\multicolbaselineskip=\skip94
\partial@page=\box28
\last@line=\box29
\maxbalancingoverflow=\dimen140
\mult@rightbox=\box30
\mult@grightbox=\box31
\mult@gfirstbox=\box32
\mult@firstbox=\box33
\@tempa=\box34
\@tempa=\box35
\@tempa=\box36
\@tempa=\box37
\@tempa=\box38
\@tempa=\box39
\@tempa=\box40
\@tempa=\box41
\@tempa=\box42
\@tempa=\box43
\@tempa=\box44
\@tempa=\box45
\@tempa=\box46
\@tempa=\box47
\@tempa=\box48
\@tempa=\box49
\@tempa=\box50
\c@columnbadness=\count107
\c@finalcolumnbadness=\count108
\last@try=\dimen141
\multicolovershoot=\dimen142
\multicolundershoot=\dimen143
\mult@nat@firstbox=\box51
\colbreak@box=\box52
\mc@col@check@num=\count109
)
(/usr/local/texlive/2015/texmf-dist/tex/latex/listings/listings.sty
\lst@mode=\count110
\lst@gtempboxa=\box53
\lst@token=\toks17
\lst@length=\count111
\lst@currlwidth=\dimen144
\lst@column=\count112
\lst@pos=\count113
\lst@lostspace=\dimen145
\lst@width=\dimen146
\lst@newlines=\count114
\lst@lineno=\count115
\lst@maxwidth=\dimen147

(/usr/local/texlive/2015/texmf-dist/tex/latex/listings/lstmisc.sty
File: lstmisc.sty 2014/09/06 1.5e (Carsten Heinz)
\c@lstnumber=\count116
\lst@skipnumbers=\count117
\lst@framebox=\box54
)
(/usr/local/texlive/2015/texmf-dist/tex/latex/listings/listings.cfg
File: listings.cfg 2014/09/06 1.5e listings configuration
))
Package: listings 2014/09/06 1.5e (Carsten Heinz)

(/usr/local/texlive/2015/texmf-dist/tex/latex/tools/tabularx.sty
Package: tabularx 2014/10/28 v2.10 `tabularx' package (DPC)

(/usr/local/texlive/2015/texmf-dist/tex/latex/tools/array.sty
Package: array 2014/10/28 v2.4c Tabular extension package (FMi)
\col@sep=\dimen148
\extrarowheight=\dimen149
\NC@list=\toks18
\extratabsurround=\skip95
\backup@length=\skip96
)
\TX@col@width=\dimen150
\TX@old@table=\dimen151
\TX@old@col=\dimen152
\TX@target=\dimen153
\TX@delta=\dimen154
\TX@cols=\count118
\TX@ftn=\toks19
)
(/usr/local/texlive/2015/texmf-dist/tex/latex/makecell/makecell.sty
Package: makecell 2009/08/03 V0.1e Managing of Tab Column Heads and Cells
\rotheadsize=\dimen155
\c@nlinenum=\count119
\TeXr@lab=\toks20
)
(/usr/local/texlive/2015/texmf-dist/tex/latex/xcolor/xcolor.sty
Package: xcolor 2007/01/21 v2.11 LaTeX color extensions (UK)

(/usr/local/texlive/2015/texmf-dist/tex/latex/latexconfig/color.cfg
File: color.cfg 2007/01/18 v1.5 color configuration of teTeX/TeXLive
)
Package xcolor Info: Driver file: pdftex.def on input line 225.

(/usr/local/texlive/2015/texmf-dist/tex/latex/colortbl/colortbl.sty
Package: colortbl 2012/02/13 v1.0a Color table columns (DPC)
\everycr=\toks21
\minrowclearance=\skip97
)
\rownum=\count120
Package xcolor Info: Model `cmy' substituted by `cmy0' on input line 1337.
Package xcolor Info: Model `hsb' substituted by `rgb' on input line 1341.
Package xcolor Info: Model `RGB' extended on input line 1353.
Package xcolor Info: Model `HTML' substituted by `rgb' on input line 1355.
Package xcolor Info: Model `Hsb' substituted by `hsb' on input line 1356.
Package xcolor Info: Model `tHsb' substituted by `hsb' on input line 1357.
Package xcolor Info: Model `HSB' substituted by `hsb' on input line 1358.
Package xcolor Info: Model `Gray' substituted by `gray' on input line 1359.
Package xcolor Info: Model `wave' substituted by `hsb' on input line 1360.
)
(/usr/local/texlive/2015/texmf-dist/tex/latex/mdwtools/footnote.sty
Package: footnote 1997/01/28 1.13 Save footnotes around boxes
\fn@notes=\box55
\fn@width=\dimen156
)
(/usr/local/texlive/2015/texmf-dist/tex/latex/amscls/amsthm.sty
Package: amsthm 2015/03/04 v2.20.2
\thm@style=\toks22
\thm@bodyfont=\toks23
\thm@headfont=\toks24
\thm@notefont=\toks25
\thm@headpunct=\toks26
\thm@preskip=\skip98
\thm@postskip=\skip99
\thm@headsep=\skip100
\dth@everypar=\toks27
)
(/usr/local/texlive/2015/texmf-dist/tex/latex/amsmath/amsmath.sty
Package: amsmath 2013/01/14 v2.14 AMS math features
\@mathmargin=\skip101

For additional information on amsmath, use the `?' option.
(/usr/local/texlive/2015/texmf-dist/tex/latex/amsmath/amstext.sty
Package: amstext 2000/06/29 v2.01

(/usr/local/texlive/2015/texmf-dist/tex/latex/amsmath/amsgen.sty
File: amsgen.sty 1999/11/30 v2.0
\@emptytoks=\toks28
\ex@=\dimen157
))
(/usr/local/texlive/2015/texmf-dist/tex/latex/amsmath/amsbsy.sty
Package: amsbsy 1999/11/29 v1.2d
\pmbraise@=\dimen158
)
(/usr/local/texlive/2015/texmf-dist/tex/latex/amsmath/amsopn.sty
Package: amsopn 1999/12/14 v2.01 operator names
)
\inf@bad=\count121
LaTeX Info: Redefining \frac on input line 210.
\uproot@=\count122
\leftroot@=\count123
LaTeX Info: Redefining \overline on input line 306.
\classnum@=\count124
\DOTSCASE@=\count125
LaTeX Info: Redefining \ldots on input line 378.
LaTeX Info: Redefining \dots on input line 381.
LaTeX Info: Redefining \cdots on input line 466.
\Mathstrutbox@=\box56
\strutbox@=\box57
\big@size=\dimen159
LaTeX Font Info:    Redeclaring font encoding OML on input line 566.
LaTeX Font Info:    Redeclaring font encoding OMS on input line 567.
\macc@depth=\count126
\c@MaxMatrixCols=\count127
\dotsspace@=\muskip10
\c@parentequation=\count128
\dspbrk@lvl=\count129
\tag@help=\toks29
\row@=\count130
\column@=\count131
\maxfields@=\count132
\andhelp@=\toks30
\eqnshift@=\dimen160
\alignsep@=\dimen161
\tagshift@=\dimen162
\tagwidth@=\dimen163
\totwidth@=\dimen164
\lineht@=\dimen165
\@envbody=\toks31
\multlinegap=\skip102
\multlinetaggap=\skip103
\mathdisplay@stack=\toks32
LaTeX Info: Redefining \[ on input line 2665.
LaTeX Info: Redefining \] on input line 2666.
)
(/usr/local/texlive/2015/texmf-dist/tex/latex/amsfonts/amssymb.sty
Package: amssymb 2013/01/14 v3.01 AMS font symbols

(/usr/local/texlive/2015/texmf-dist/tex/latex/amsfonts/amsfonts.sty
Package: amsfonts 2013/01/14 v3.01 Basic AMSFonts support
\symAMSa=\mathgroup4
\symAMSb=\mathgroup5
LaTeX Font Info:    Overwriting math alphabet `\mathfrak' in version `bold'
(Font)                  U/euf/m/n --> U/euf/b/n on input line 106.
))
(/usr/local/texlive/2015/texmf-dist/tex/latex/was/gensymb.sty
Package: gensymb 2003/07/02 v1.0 (WaS)
)
(/usr/local/texlive/2015/texmf-dist/tex/latex/siunitx/siunitx.sty
(/usr/local/texlive/2015/texmf-dist/tex/latex/l3kernel/expl3.sty
Package: expl3 2015/03/01 v5547 L3 programming layer (loader) 

(/usr/local/texlive/2015/texmf-dist/tex/latex/l3kernel/expl3-code.tex
Package: expl3 2015/03/01 v5547 L3 programming layer (code) 
L3 Module: l3bootstrap 2015/02/28 v5542 L3 Bootstrap code
L3 Module: l3names 2015/02/24 v5535 L3 Namespace for primitives
L3 Module: l3basics 2015/01/27 v5500 L3 Basic definitions
L3 Module: l3expan 2014/11/27 v5472 L3 Argument expansion
L3 Module: l3tl 2015/01/27 v5500 L3 Token lists
L3 Module: l3str 2015/03/01 v5545 L3 Strings
L3 Module: l3seq 2014/08/23 v5354 L3 Sequences and stacks
L3 Module: l3int 2015/02/21 v5529 L3 Integers
\c_max_int=\count133
\l_tmpa_int=\count134
\l_tmpb_int=\count135
\g_tmpa_int=\count136
\g_tmpb_int=\count137
L3 Module: l3quark 2014/08/23 v5354 L3 Quarks
L3 Module: l3prg 2014/08/23 v5354 L3 Control structures
\g__prg_map_int=\count138
L3 Module: l3clist 2014/08/23 v5354 L3 Comma separated lists
L3 Module: l3token 2014/09/15 v5422 L3 Experimental token manipulation
L3 Module: l3prop 2014/08/23 v5354 L3 Property lists
L3 Module: l3msg 2015/02/26 v5537 L3 Messages
L3 Module: l3file 2014/08/24 v5369 L3 File and I/O operations
\l_iow_line_count_int=\count139
\l__iow_target_count_int=\count140
\l__iow_current_line_int=\count141
\l__iow_current_word_int=\count142
\l__iow_current_indentation_int=\count143
L3 Module: l3skip 2014/08/23 v5354 L3 Dimensions and skips
\c_zero_dim=\dimen166
\c_max_dim=\dimen167
\l_tmpa_dim=\dimen168
\l_tmpb_dim=\dimen169
\g_tmpa_dim=\dimen170
\g_tmpb_dim=\dimen171
\c_zero_skip=\skip104
\c_max_skip=\skip105
\l_tmpa_skip=\skip106
\l_tmpb_skip=\skip107
\g_tmpa_skip=\skip108
\g_tmpb_skip=\skip109
\c_zero_muskip=\muskip11
\c_max_muskip=\muskip12
\l_tmpa_muskip=\muskip13
\l_tmpb_muskip=\muskip14
\g_tmpa_muskip=\muskip15
\g_tmpb_muskip=\muskip16
L3 Module: l3keys 2015/01/27 v5500 L3 Key-value interfaces
\g__keyval_level_int=\count144
\l_keys_choice_int=\count145
L3 Module: l3fp 2014/08/22 v5336 L3 Floating points
\c__fp_leading_shift_int=\count146
\c__fp_middle_shift_int=\count147
\c__fp_trailing_shift_int=\count148
\c__fp_big_leading_shift_int=\count149
\c__fp_big_middle_shift_int=\count150
\c__fp_big_trailing_shift_int=\count151
\c__fp_Bigg_leading_shift_int=\count152
\c__fp_Bigg_middle_shift_int=\count153
\c__fp_Bigg_trailing_shift_int=\count154
L3 Module: l3box 2014/08/23 v5354 L3 Experimental boxes
\c_empty_box=\box58
\l_tmpa_box=\box59
\l_tmpb_box=\box60
\g_tmpa_box=\box61
\g_tmpb_box=\box62
L3 Module: l3coffins 2014/08/23 v5354 L3 Coffin code layer
\l__coffin_internal_box=\box63
\l__coffin_internal_dim=\dimen172
\l__coffin_offset_x_dim=\dimen173
\l__coffin_offset_y_dim=\dimen174
\l__coffin_x_dim=\dimen175
\l__coffin_y_dim=\dimen176
\l__coffin_x_prime_dim=\dimen177
\l__coffin_y_prime_dim=\dimen178
\c_empty_coffin=\box64
\l__coffin_aligned_coffin=\box65
\l__coffin_aligned_internal_coffin=\box66
\l_tmpa_coffin=\box67
\l_tmpb_coffin=\box68
\l__coffin_display_coffin=\box69
\l__coffin_display_coord_coffin=\box70
\l__coffin_display_pole_coffin=\box71
\l__coffin_display_offset_dim=\dimen179
\l__coffin_display_x_dim=\dimen180
\l__coffin_display_y_dim=\dimen181
L3 Module: l3color 2014/08/23 v5354 L3 Experimental color support
L3 Module: l3candidates 2015/03/01 v5544 L3 Experimental additions to l3kernel
\l__box_top_dim=\dimen182
\l__box_bottom_dim=\dimen183
\l__box_left_dim=\dimen184
\l__box_right_dim=\dimen185
\l__box_top_new_dim=\dimen186
\l__box_bottom_new_dim=\dimen187
\l__box_left_new_dim=\dimen188
\l__box_right_new_dim=\dimen189
\l__box_internal_box=\box72
\l__coffin_bounding_shift_dim=\dimen190
\l__coffin_left_corner_dim=\dimen191
\l__coffin_right_corner_dim=\dimen192
\l__coffin_bottom_corner_dim=\dimen193
\l__coffin_top_corner_dim=\dimen194
\l__coffin_scaled_total_height_dim=\dimen195
\l__coffin_scaled_width_dim=\dimen196
)
(/usr/local/texlive/2015/texmf-dist/tex/latex/l3kernel/l3unicode-data.def
File: l3unicode-data.def 2015/03/01 v5544 L3 Unicode data
)
(/usr/local/texlive/2015/texmf-dist/tex/latex/l3kernel/l3pdfmode.def
File: l3pdfmode.def 2015/03/01 v5544 L3 Experimental driver: PDF mode
\l__driver_color_stack_int=\count155
))
(/usr/local/texlive/2015/texmf-dist/tex/latex/l3packages/xparse/xparse.sty
Package: xparse 2014/11/25 v5471 L3 Experimental document command parser
\l__xparse_current_arg_int=\count156
\l__xparse_m_args_int=\count157
\l__xparse_mandatory_args_int=\count158
\l__xparse_processor_int=\count159
\l__xparse_v_nesting_int=\count160
)
Package: siunitx 2015/01/21 v2.6e A comprehensive (SI) units package

(/usr/local/texlive/2015/texmf-dist/tex/latex/l3packages/l3keys2e/l3keys2e.sty
Package: l3keys2e 2014/11/25 v5471 LaTeX2e option processing using LaTeX3 keys
)
Variant \tl_if_blank:VTF already defined; not changing it on line 50
\l__siunitx_tmp_box=\box73
\l__siunitx_tmp_dim=\dimen197
\l__siunitx_tmp_int=\count161
Variant \prop_get:NVNT already defined; not changing it on line 380
Variant \prop_get:NVNF already defined; not changing it on line 381
Variant \prop_get:NVNTF already defined; not changing it on line 382
\l__siunitx_number_mantissa_length_int=\count162
\l__siunitx_number_uncert_length_int=\count163
\l__siunitx_round_int=\count164
\l__siunitx_process_decimal_int=\count165
\l__siunitx_process_uncertainty_int=\count166
\l__siunitx_process_fixed_int=\count167
\l__siunitx_process_integer_min_int=\count168
\l__siunitx_process_precision_int=\count169
\l__siunitx_group_min_int=\count170
\l__siunitx_angle_marker_box=\box74
\l__siunitx_angle_unit_box=\box75
\l__siunitx_angle_marker_dim=\dimen198
\l__siunitx_angle_unit_dim=\dimen199
\l__siunitx_unit_int=\count171
\l__siunitx_unit_denominator_int=\count172
\l__siunitx_unit_numerator_int=\count173
\l__siunitx_unit_prefix_int=\count174
\l__siunitx_unit_prefix_base_int=\count175
\l__siunitx_unit_prefix_gram_int=\count176
\l__siunitx_number_product_int=\count177
\c__siunitx_one_fill_skip=\skip110
\l__siunitx_table_unit_align_skip=\skip111
\l__siunitx_table_exponent_dim=\dimen200
\l__siunitx_table_integer_dim=\dimen201
\l__siunitx_table_mantissa_dim=\dimen202
\l__siunitx_table_marker_dim=\dimen203
\l__siunitx_table_result_dim=\dimen204
\l__siunitx_table_uncert_dim=\dimen205
\l__siunitx_table_fill_pre_dim=\dimen206
\l__siunitx_table_fill_post_dim=\dimen207
\l__siunitx_table_fill_mid_dim=\dimen208
\l__siunitx_table_pre_box=\box76
\l__siunitx_table_post_box=\box77
\l__siunitx_table_mantissa_box=\box78
\l__siunitx_table_result_box=\box79
\l__siunitx_table_number_align_skip=\skip112
\l__siunitx_table_text_align_skip=\skip113
.................................................
. LaTeX info: "xparse/define-command"
. 
. Defining command \DeclareBinaryPrefix with sig. 'mmm' on line 7176.
.................................................
.................................................
. LaTeX info: "xparse/define-command"
. 
. Defining command \DeclareSIPostPower with sig. 'mm' on line 7179.
.................................................
.................................................
. LaTeX info: "xparse/define-command"
. 
. Defining command \DeclareSIPrefix with sig. 'mmm' on line 7182.
.................................................
.................................................
. LaTeX info: "xparse/define-command"
. 
. Defining command \DeclareSIPrePower with sig. 'mm' on line 7185.
.................................................
.................................................
. LaTeX info: "xparse/define-command"
. 
. Defining command \DeclareSIQualifier with sig. 'mm' on line 7188.
.................................................
.................................................
. LaTeX info: "xparse/define-command"
. 
. Defining command \DeclareSIUnit with sig. 'O{}mm' on line 7191.
.................................................
.................................................
. LaTeX info: "xparse/define-command"
. 
. Defining command \DeclareSIUnitWithOptions with sig. 'mmm' on line 7194.
.................................................
.................................................
. LaTeX info: "xparse/define-command"
. 
. Defining command \ang with sig. 'o>{\SplitArgument {2}{;}}m' on line 7209.
.................................................
.................................................
. LaTeX info: "xparse/define-command"
. 
. Defining command \num with sig. 'om' on line 7217.
.................................................
.................................................
. LaTeX info: "xparse/define-command"
. 
. Defining command \numlist with sig. 'o>{\SplitList {;}}m' on line 7225.
.................................................
.................................................
. LaTeX info: "xparse/define-command"
. 
. Defining command \numrange with sig. 'omm' on line 7233.
.................................................
.................................................
. LaTeX info: "xparse/define-command"
. 
. Defining command \SIlist with sig. 'o>{\SplitList {;}}mm' on line 7244.
.................................................
.................................................
. LaTeX info: "xparse/define-command"
. 
. Defining command \SIrange with sig. 'ommm' on line 7255.
.................................................
.................................................
. LaTeX info: "xparse/define-command"
. 
. Defining command \SI with sig. 'omom' on line 7266.
.................................................
.................................................
. LaTeX info: "xparse/define-command"
. 
. Defining command \sisetup with sig. 'm' on line 7269.
.................................................
.................................................
. LaTeX info: "xparse/define-command"
. 
. Defining command \tablenum with sig. 'om' on line 7281.
.................................................
.................................................
. LaTeX info: "xparse/define-command"
. 
. Defining command \si with sig. 'om' on line 7292.
.................................................
.................................................
. LaTeX info: "xparse/define-command"
. 
. Defining command \__siunitx_bookmark_num:w with sig. 'om' on line 7339.
.................................................
.................................................
. LaTeX info: "xparse/define-command"
. 
. Defining command \__siunitx_bookmark_numrange:w with sig. 'omm' on line
. 7341.
.................................................
.................................................
. LaTeX info: "xparse/define-command"
. 
. Defining command \__siunitx_bookmark_SI:w with sig. 'omom' on line 7343.
.................................................
.................................................
. LaTeX info: "xparse/define-command"
. 
. Defining command \__siunitx_bookmark_SIlist:w with sig. 'omm' on line 7345.
.................................................
.................................................
. LaTeX info: "xparse/define-command"
. 
. Defining command \__siunitx_bookmark_SIrange:w with sig. 'ommm' on line
. 7347.
.................................................
.................................................
. LaTeX info: "xparse/define-command"
. 
. Defining command \__siunitx_bookmark_si:w with sig. 'om' on line 7348.
.................................................
\g__file_internal_ior=\read1
(/usr/local/texlive/2015/texmf-dist/tex/latex/beamer/translator/translator.sty
Package: translator 2010/06/12 ver 1.10

(/usr/local/texlive/2015/texmf-dist/tex/latex/beamer/translator/translator-lang
uage-mappings.tex)))
(/usr/local/texlive/2015/texmf-dist/tex/latex/psnfss/times.sty
Package: times 2005/04/12 PSNFSS-v9.2a (SPQR) 
)
(/usr/local/texlive/2015/texmf-dist/tex/latex/microtype/microtype.sty
Package: microtype 2013/05/23 v2.5a Micro-typographical refinements (RS)
\MT@toks=\toks33
\MT@count=\count178
LaTeX Info: Redefining \textls on input line 766.
\MT@outer@kern=\dimen209
LaTeX Info: Redefining \textmicrotypecontext on input line 1285.
\MT@listname@count=\count179

(/usr/local/texlive/2015/texmf-dist/tex/latex/microtype/microtype-pdftex.def
File: microtype-pdftex.def 2013/05/23 v2.5a Definitions specific to pdftex (RS)

LaTeX Info: Redefining \lsstyle on input line 915.
LaTeX Info: Redefining \lslig on input line 915.
\MT@outer@space=\skip114
)
Package microtype Info: Loading configuration file microtype.cfg.

(/usr/local/texlive/2015/texmf-dist/tex/latex/microtype/microtype.cfg
File: microtype.cfg 2013/05/23 v2.5a microtype main configuration file (RS)
))
(/usr/local/texlive/2015/texmf-dist/tex/latex/base/textcomp.sty
Package: textcomp 2005/09/27 v1.99g Standard LaTeX package
Package textcomp Info: Sub-encoding information:
(textcomp)               5 = only ISO-Adobe without \textcurrency
(textcomp)               4 = 5 + \texteuro
(textcomp)               3 = 4 + \textohm
(textcomp)               2 = 3 + \textestimated + \textcurrency
(textcomp)               1 = TS1 - \textcircled - \t
(textcomp)               0 = TS1 (full)
(textcomp)             Font families with sub-encoding setting implement
(textcomp)             only a restricted character set as indicated.
(textcomp)             Family '?' is the default used for unknown fonts.
(textcomp)             See the documentation for details.
Package textcomp Info: Setting ? sub-encoding to TS1/1 on input line 79.

(/usr/local/texlive/2015/texmf-dist/tex/latex/base/ts1enc.def
File: ts1enc.def 2001/06/05 v3.0e (jk/car/fm) Standard LaTeX file
)
LaTeX Info: Redefining \oldstylenums on input line 334.
Package textcomp Info: Setting cmr sub-encoding to TS1/0 on input line 349.
Package textcomp Info: Setting cmss sub-encoding to TS1/0 on input line 350.
Package textcomp Info: Setting cmtt sub-encoding to TS1/0 on input line 351.
Package textcomp Info: Setting cmvtt sub-encoding to TS1/0 on input line 352.
Package textcomp Info: Setting cmbr sub-encoding to TS1/0 on input line 353.
Package textcomp Info: Setting cmtl sub-encoding to TS1/0 on input line 354.
Package textcomp Info: Setting ccr sub-encoding to TS1/0 on input line 355.
Package textcomp Info: Setting ptm sub-encoding to TS1/4 on input line 356.
Package textcomp Info: Setting pcr sub-encoding to TS1/4 on input line 357.
Package textcomp Info: Setting phv sub-encoding to TS1/4 on input line 358.
Package textcomp Info: Setting ppl sub-encoding to TS1/3 on input line 359.
Package textcomp Info: Setting pag sub-encoding to TS1/4 on input line 360.
Package textcomp Info: Setting pbk sub-encoding to TS1/4 on input line 361.
Package textcomp Info: Setting pnc sub-encoding to TS1/4 on input line 362.
Package textcomp Info: Setting pzc sub-encoding to TS1/4 on input line 363.
Package textcomp Info: Setting bch sub-encoding to TS1/4 on input line 364.
Package textcomp Info: Setting put sub-encoding to TS1/5 on input line 365.
Package textcomp Info: Setting uag sub-encoding to TS1/5 on input line 366.
Package textcomp Info: Setting ugq sub-encoding to TS1/5 on input line 367.
Package textcomp Info: Setting ul8 sub-encoding to TS1/4 on input line 368.
Package textcomp Info: Setting ul9 sub-encoding to TS1/4 on input line 369.
Package textcomp Info: Setting augie sub-encoding to TS1/5 on input line 370.
Package textcomp Info: Setting dayrom sub-encoding to TS1/3 on input line 371.
Package textcomp Info: Setting dayroms sub-encoding to TS1/3 on input line 372.

Package textcomp Info: Setting pxr sub-encoding to TS1/0 on input line 373.
Package textcomp Info: Setting pxss sub-encoding to TS1/0 on input line 374.
Package textcomp Info: Setting pxtt sub-encoding to TS1/0 on input line 375.
Package textcomp Info: Setting txr sub-encoding to TS1/0 on input line 376.
Package textcomp Info: Setting txss sub-encoding to TS1/0 on input line 377.
Package textcomp Info: Setting txtt sub-encoding to TS1/0 on input line 378.
Package textcomp Info: Setting lmr sub-encoding to TS1/0 on input line 379.
Package textcomp Info: Setting lmdh sub-encoding to TS1/0 on input line 380.
Package textcomp Info: Setting lmss sub-encoding to TS1/0 on input line 381.
Package textcomp Info: Setting lmssq sub-encoding to TS1/0 on input line 382.
Package textcomp Info: Setting lmvtt sub-encoding to TS1/0 on input line 383.
Package textcomp Info: Setting lmtt sub-encoding to TS1/0 on input line 384.
Package textcomp Info: Setting qhv sub-encoding to TS1/0 on input line 385.
Package textcomp Info: Setting qag sub-encoding to TS1/0 on input line 386.
Package textcomp Info: Setting qbk sub-encoding to TS1/0 on input line 387.
Package textcomp Info: Setting qcr sub-encoding to TS1/0 on input line 388.
Package textcomp Info: Setting qcs sub-encoding to TS1/0 on input line 389.
Package textcomp Info: Setting qpl sub-encoding to TS1/0 on input line 390.
Package textcomp Info: Setting qtm sub-encoding to TS1/0 on input line 391.
Package textcomp Info: Setting qzc sub-encoding to TS1/0 on input line 392.
Package textcomp Info: Setting qhvc sub-encoding to TS1/0 on input line 393.
Package textcomp Info: Setting futs sub-encoding to TS1/4 on input line 394.
Package textcomp Info: Setting futx sub-encoding to TS1/4 on input line 395.
Package textcomp Info: Setting futj sub-encoding to TS1/4 on input line 396.
Package textcomp Info: Setting hlh sub-encoding to TS1/3 on input line 397.
Package textcomp Info: Setting hls sub-encoding to TS1/3 on input line 398.
Package textcomp Info: Setting hlst sub-encoding to TS1/3 on input line 399.
Package textcomp Info: Setting hlct sub-encoding to TS1/5 on input line 400.
Package textcomp Info: Setting hlx sub-encoding to TS1/5 on input line 401.
Package textcomp Info: Setting hlce sub-encoding to TS1/5 on input line 402.
Package textcomp Info: Setting hlcn sub-encoding to TS1/5 on input line 403.
Package textcomp Info: Setting hlcw sub-encoding to TS1/5 on input line 404.
Package textcomp Info: Setting hlcf sub-encoding to TS1/5 on input line 405.
Package textcomp Info: Setting pplx sub-encoding to TS1/3 on input line 406.
Package textcomp Info: Setting pplj sub-encoding to TS1/3 on input line 407.
Package textcomp Info: Setting ptmx sub-encoding to TS1/4 on input line 408.
Package textcomp Info: Setting ptmj sub-encoding to TS1/4 on input line 409.
)
(/usr/local/texlive/2015/texmf-dist/tex/latex/tools/xspace.sty
Package: xspace 2014/10/28 v1.13 Space after command names (DPC,MH)
)
(/usr/local/texlive/2015/texmf-dist/tex/latex/url/url.sty
\Urlmuskip=\muskip17
Package: url 2013/09/16  ver 3.4  Verb mode for urls, etc.
)
(/usr/local/texlive/2015/texmf-dist/tex/latex/tools/indentfirst.sty
Package: indentfirst 1995/11/23 v1.03 Indent first paragraph (DPC)
)
(/usr/local/texlive/2015/texmf-dist/tex/latex/footmisc/footmisc.sty
Package: footmisc 2011/06/06 v5.5b a miscellany of footnote facilities
\FN@temptoken=\toks34
\footnotemargin=\dimen210
\c@pp@next@reset=\count180
Package footmisc Info: Declaring symbol style bringhurst on input line 855.
Package footmisc Info: Declaring symbol style chicago on input line 863.
Package footmisc Info: Declaring symbol style wiley on input line 872.
Package footmisc Info: Declaring symbol style lamport-robust on input line 883.

Package footmisc Info: Declaring symbol style lamport* on input line 903.
Package footmisc Info: Declaring symbol style lamport*-robust on input line 924
.
)
(./common/layout.tex) (./common/macros.tex
\c@theorem=\count181
\c@lemma=\count182
\c@definition=\count183
\c@xxexample=\count184
)) (./keele_diss.aux

LaTeX Warning: Label `eq:general_model' multiply defined.


LaTeX Warning: Label `fn:total_perc' multiply defined.


LaTeX Warning: Label `fn:total_perc' multiply defined.


LaTeX Warning: Label `fig:mediation_example' multiply defined.

)
\openout1 = `keele_diss.aux'.

LaTeX Font Info:    Checking defaults for OML/cmm/m/it on input line 3.
LaTeX Font Info:    ... okay on input line 3.
LaTeX Font Info:    Checking defaults for T1/cmr/m/n on input line 3.
LaTeX Font Info:    ... okay on input line 3.
LaTeX Font Info:    Checking defaults for OT1/cmr/m/n on input line 3.
LaTeX Font Info:    ... okay on input line 3.
LaTeX Font Info:    Checking defaults for OMS/cmsy/m/n on input line 3.
LaTeX Font Info:    ... okay on input line 3.
LaTeX Font Info:    Checking defaults for OMX/cmex/m/n on input line 3.
LaTeX Font Info:    ... okay on input line 3.
LaTeX Font Info:    Checking defaults for U/cmr/m/n on input line 3.
LaTeX Font Info:    ... okay on input line 3.
LaTeX Font Info:    Checking defaults for TS1/cmr/m/n on input line 3.
LaTeX Font Info:    Try loading font information for TS1+cmr on input line 3.
 (/usr/local/texlive/2015/texmf-dist/tex/latex/base/ts1cmr.fd
File: ts1cmr.fd 2014/09/29 v2.5h Standard LaTeX font definitions
)
LaTeX Font Info:    ... okay on input line 3.
LaTeX Font Info:    Try loading font information for OT1+ptm on input line 3.

(/usr/local/texlive/2015/texmf-dist/tex/latex/psnfss/ot1ptm.fd
File: ot1ptm.fd 2001/06/04 font definitions for OT1/ptm.
)
*geometry* driver: auto-detecting
*geometry* detected driver: pdftex
*geometry* verbose mode - [ preamble ] result:
* driver: pdftex
* paper: letterpaper
* layout: <same size as paper>
* layoutoffset:(h,v)=(0.0pt,0.0pt)
* modes: twoside 
* h-part:(L,W,R)=(90.3375pt, 433.62001pt, 90.3375pt)
* v-part:(T,H,B)=(72.26999pt, 650.43001pt, 72.26999pt)
* \paperwidth=614.295pt
* \paperheight=794.96999pt
* \textwidth=433.62001pt
* \textheight=650.43001pt
* \oddsidemargin=18.0675pt
* \evensidemargin=18.0675pt
* \topmargin=0.0pt
* \headheight=0.0pt
* \headsep=0.0pt
* \topskip=11.0pt
* \footskip=30.0pt
* \marginparwidth=113.0pt
* \marginparsep=10.0pt
* \columnsep=10.0pt
* \skip\footins=10.0pt plus 4.0pt minus 2.0pt
* \hoffset=0.0pt
* \voffset=0.0pt
* \mag=1000
* \@twocolumnfalse
* \@twosidetrue
* \@mparswitchtrue
* \@reversemarginfalse
* (1in=72.27pt=25.4mm, 1cm=28.453pt)

(/usr/local/texlive/2015/texmf-dist/tex/context/base/supp-pdf.mkii
[Loading MPS to PDF converter (version 2006.09.02).]
\scratchcounter=\count185
\scratchdimen=\dimen211
\scratchbox=\box80
\nofMPsegments=\count186
\nofMParguments=\count187
\everyMPshowfont=\toks35
\MPscratchCnt=\count188
\MPscratchDim=\dimen212
\MPnumerator=\count189
\makeMPintoPDFobject=\count190
\everyMPtoPDFconversion=\toks36
) (/usr/local/texlive/2015/texmf-dist/tex/generic/oberdiek/pdftexcmds.sty
Package: pdftexcmds 2011/11/29 v0.20 Utility functions of pdfTeX for LuaTeX (HO
)

(/usr/local/texlive/2015/texmf-dist/tex/generic/oberdiek/ifluatex.sty
Package: ifluatex 2010/03/01 v1.3 Provides the ifluatex switch (HO)
Package ifluatex Info: LuaTeX not detected.
)
Package pdftexcmds Info: LuaTeX not detected.
Package pdftexcmds Info: \pdf@primitive is available.
Package pdftexcmds Info: \pdf@ifprimitive is available.
Package pdftexcmds Info: \pdfdraftmode found.
)
(/usr/local/texlive/2015/texmf-dist/tex/latex/oberdiek/epstopdf-base.sty
Package: epstopdf-base 2010/02/09 v2.5 Base part for package epstopdf

(/usr/local/texlive/2015/texmf-dist/tex/latex/oberdiek/grfext.sty
Package: grfext 2010/08/19 v1.1 Manage graphics extensions (HO)

(/usr/local/texlive/2015/texmf-dist/tex/generic/oberdiek/kvdefinekeys.sty
Package: kvdefinekeys 2011/04/07 v1.3 Define keys (HO)
))
(/usr/local/texlive/2015/texmf-dist/tex/latex/oberdiek/kvoptions.sty
Package: kvoptions 2011/06/30 v3.11 Key value format for package options (HO)

(/usr/local/texlive/2015/texmf-dist/tex/generic/oberdiek/kvsetkeys.sty
Package: kvsetkeys 2012/04/25 v1.16 Key value parser (HO)

(/usr/local/texlive/2015/texmf-dist/tex/generic/oberdiek/etexcmds.sty
Package: etexcmds 2011/02/16 v1.5 Avoid name clashes with e-TeX commands (HO)
Package etexcmds Info: Could not find \expanded.
(etexcmds)             That can mean that you are not using pdfTeX 1.50 or
(etexcmds)             that some package has redefined \expanded.
(etexcmds)             In the latter case, load this package earlier.
)))
Package grfext Info: Graphics extension search list:
(grfext)             [.png,.pdf,.jpg,.mps,.jpeg,.jbig2,.jb2,.PNG,.PDF,.JPG,.JPE
G,.JBIG2,.JB2,.eps]
(grfext)             \AppendGraphicsExtensions on input line 452.

(/usr/local/texlive/2015/texmf-dist/tex/latex/latexconfig/epstopdf-sys.cfg
File: epstopdf-sys.cfg 2010/07/13 v1.3 Configuration of (r)epstopdf for TeX Liv
e
))
\c@lstlisting=\count191
\symgns@font=\mathgroup6
LaTeX Font Info:    Overwriting symbol font `gns@font' in version `bold'
(Font)                  TS1/ptm/m/n --> TS1/ptm/bx/n on input line 3.
Package gensymb Info: Math companion symbols declared on input line 3.
LaTeX Info: Redefining \degree on input line 3.
LaTeX Info: Redefining \celsius on input line 3.
Package gensymb Info: Using text companion symbols for \degree, \celsius and \p
erthousand on input line 3.
LaTeX Info: Redefining \ohm on input line 3.
Package gensymb Info: Using \textohm for \ohm on input line 3.
Package gensymb Info: Using \textmu for \micro on input line 3.

(/usr/local/texlive/2015/texmf-dist/tex/latex/beamer/translator/dicts/translato
r-basic-dictionary/translator-basic-dictionary-English.dict
Dictionary: translator-basic-dictionary, Language: English 
)
(/usr/local/texlive/2015/texmf-dist/tex/latex/siunitx/siunitx-abbreviations.cfg
File: siunitx-abbreviations.cfg 2015/01/21 v2.6e siunitx: Abbreviated units
)
LaTeX Info: Redefining \microtypecontext on input line 3.
Package microtype Info: Generating PDF output.
Package microtype Info: Character protrusion enabled (level 2).
Package microtype Info: Using default protrusion set `alltext'.
Package microtype Info: Automatic font expansion enabled (level 2),
(microtype)             stretch: 20, shrink: 20, step: 1, non-selected.
Package microtype Info: Using default expansion set `basictext'.
Package microtype Info: No adjustment of tracking.
Package microtype Info: No adjustment of interword spacing.
Package microtype Info: No adjustment of character kerning.
 (/usr/local/texlive/2015/texmf-dist/tex/latex/microtype/mt-ptm.cfg
File: mt-ptm.cfg 2006/04/20 v1.7 microtype config. file: Times (RS)
)
\c__siunitx_mathsf_int=\count192

(/usr/local/texlive/2015/texmf-dist/tex/latex/microtype/mt-cmr.cfg
File: mt-cmr.cfg 2013/05/19 v2.2 microtype config. file: Computer Modern Roman 
(RS)
)
LaTeX Font Info:    Try loading font information for U+msa on input line 3.

(/usr/local/texlive/2015/texmf-dist/tex/latex/amsfonts/umsa.fd
File: umsa.fd 2013/01/14 v3.01 AMS symbols A
)
(/usr/local/texlive/2015/texmf-dist/tex/latex/microtype/mt-msa.cfg
File: mt-msa.cfg 2006/02/04 v1.1 microtype config. file: AMS symbols (a) (RS)
)
LaTeX Font Info:    Try loading font information for U+msb on input line 3.

(/usr/local/texlive/2015/texmf-dist/tex/latex/amsfonts/umsb.fd
File: umsb.fd 2013/01/14 v3.01 AMS symbols B
)
(/usr/local/texlive/2015/texmf-dist/tex/latex/microtype/mt-msb.cfg
File: mt-msb.cfg 2005/06/01 v1.0 microtype config. file: AMS symbols (b) (RS)
)
LaTeX Font Info:    Try loading font information for TS1+ptm on input line 3.

(/usr/local/texlive/2015/texmf-dist/tex/latex/psnfss/ts1ptm.fd
File: ts1ptm.fd 2001/06/04 font definitions for TS1/ptm.
)
Package microtype Info: Loading generic settings for font family
(microtype)             `cmss' (encoding: OT1).
(microtype)             For optimal results, create family-specific settings.
(microtype)             See the microtype manual for details.
\c__siunitx_mathtt_int=\count193
Package microtype Info: Loading generic settings for font family
(microtype)             `cmtt' (encoding: OT1).
(microtype)             For optimal results, create family-specific settings.
(microtype)             See the microtype manual for details.

(./frontmatter/pages.tex
*geometry* verbose mode - [ newgeometry ] result:
* driver: pdftex
* paper: letterpaper
* layout: <same size as paper>
* layoutoffset:(h,v)=(0.0pt,0.0pt)
* modes: twoside 
* h-part:(L,W,R)=(90.3375pt, 433.62001pt, 90.3375pt)
* v-part:(T,H,B)=(144.54pt, 578.16pt, 72.26999pt)
* \paperwidth=614.295pt
* \paperheight=794.96999pt
* \textwidth=433.62001pt
* \textheight=578.16pt
* \oddsidemargin=18.0675pt
* \evensidemargin=18.0675pt
* \topmargin=72.27pt
* \headheight=0.0pt
* \headsep=0.0pt
* \topskip=11.0pt
* \footskip=30.0pt
* \marginparwidth=113.0pt
* \marginparsep=10.0pt
* \columnsep=10.0pt
* \skip\footins=10.0pt plus 4.0pt minus 2.0pt
* \hoffset=0.0pt
* \voffset=0.0pt
* \mag=1000
* \@twocolumnfalse
* \@twosidetrue
* \@mparswitchtrue
* \@reversemarginfalse
* (1in=72.27pt=25.4mm, 1cm=28.453pt)

 (./frontmatter/titlepage.tex [1


{/usr/local/texlive/2015/texmf-var/fonts/map/pdftex/updmap/pdftex.map}])
*geometry* verbose mode - [ newgeometry ] result:
* driver: pdftex
* paper: letterpaper
* layout: <same size as paper>
* layoutoffset:(h,v)=(0.0pt,0.0pt)
* modes: twoside 
* h-part:(L,W,R)=(90.3375pt, 433.62001pt, 90.3375pt)
* v-part:(T,H,B)=(602.00923pt, 120.69077pt, 72.26999pt)
* \paperwidth=614.295pt
* \paperheight=794.96999pt
* \textwidth=433.62001pt
* \textheight=120.69077pt
* \oddsidemargin=18.0675pt
* \evensidemargin=18.0675pt
* \topmargin=529.73924pt
* \headheight=0.0pt
* \headsep=0.0pt
* \topskip=11.0pt
* \footskip=30.0pt
* \marginparwidth=113.0pt
* \marginparsep=10.0pt
* \columnsep=10.0pt
* \skip\footins=10.0pt plus 4.0pt minus 2.0pt
* \hoffset=0.0pt
* \voffset=0.0pt
* \mag=1000
* \@twocolumnfalse
* \@twosidetrue
* \@mparswitchtrue
* \@reversemarginfalse
* (1in=72.27pt=25.4mm, 1cm=28.453pt)

 (./frontmatter/copyright.tex
[2

])
*geometry* verbose mode - [ newgeometry ] result:
* driver: pdftex
* paper: letterpaper
* layout: <same size as paper>
* layoutoffset:(h,v)=(0.0pt,0.0pt)
* modes: twoside 
* h-part:(L,W,R)=(90.3375pt, 433.62001pt, 90.3375pt)
* v-part:(T,H,B)=(144.54pt, 578.16pt, 72.26999pt)
* \paperwidth=614.295pt
* \paperheight=794.96999pt
* \textwidth=433.62001pt
* \textheight=578.16pt
* \oddsidemargin=18.0675pt
* \evensidemargin=18.0675pt
* \topmargin=72.27pt
* \headheight=0.0pt
* \headsep=0.0pt
* \topskip=11.0pt
* \footskip=30.0pt
* \marginparwidth=113.0pt
* \marginparsep=10.0pt
* \columnsep=10.0pt
* \skip\footins=10.0pt plus 4.0pt minus 2.0pt
* \hoffset=0.0pt
* \voffset=0.0pt
* \mag=1000
* \@twocolumnfalse
* \@twosidetrue
* \@mparswitchtrue
* \@reversemarginfalse
* (1in=72.27pt=25.4mm, 1cm=28.453pt)

 (./frontmatter/abstract.tex
LaTeX Font Info:    Font shape `OT1/ptm/bx/n' in size <12> not available
(Font)              Font shape `OT1/ptm/b/n' tried instead on input line 24.
 [3



] [4]) (./frontmatter/dedication.tex)
[5

] (./frontmatter/acknowledgement.tex [6] [7] [8]) (./frontmatter/preface.tex
LaTeX Font Info:    Font shape `OT1/ptm/bx/n' in size <10.95> not available
(Font)              Font shape `OT1/ptm/b/n' tried instead on input line 8.

[9

] [10]) (./frontmatter/contents.tex
LaTeX Font Info:    Font shape `OT1/ptm/bx/n' in size <24.88> not available
(Font)              Font shape `OT1/ptm/b/n' tried instead on input line 20.
 (./keele_diss.toc [11

] [12] [13]
LaTeX Font Info:    Try loading font information for OT1+pcr on input line 87.

(/usr/local/texlive/2015/texmf-dist/tex/latex/psnfss/ot1pcr.fd
File: ot1pcr.fd 2001/06/04 font definitions for OT1/pcr.
)
Package microtype Info: Loading generic settings for font family
(microtype)             `pcr' (encoding: OT1).
(microtype)             For optimal results, create family-specific settings.
(microtype)             See the microtype manual for details.
 [14] [15]
[16] [17])
\tf@toc=\write3
\openout3 = `keele_diss.toc'.

 [18]) (./frontmatter/tables.tex (./keele_diss.lot)
\tf@lot=\write4
\openout4 = `keele_diss.lot'.

 [19

])
(./frontmatter/figures.tex (./keele_diss.lof [20

] [21])
\tf@lof=\write5
\openout5 = `keele_diss.lof'.

 [22])
(./frontmatter/abbreviations.tex [23

] [24] [25]))
(./chapters/1_introduction.tex
Chapter 1.
[1


] [2] [3]
<figures/1-introduction/crosses_for_dissertation_intro.pdf, id=98, 852.18375pt 
x 603.25375pt>
File: figures/1-introduction/crosses_for_dissertation_intro.pdf Graphic file (t
ype pdf)
 <use figures/1-introduction/crosses_for_dissertation_intro.pdf>
Package pdftex.def Info: figures/1-introduction/crosses_for_dissertation_intro.
pdf used on input line 26.
(pdftex.def)             Requested size: 346.89732pt x 245.5683pt.

[4 <./figures/1-introduction/crosses_for_dissertation_intro.pdf>] [5]
<figures/1-introduction/cc_and_do.pdf, id=125, 500.87125pt x 360.34625pt>
File: figures/1-introduction/cc_and_do.pdf Graphic file (type pdf)

<use figures/1-introduction/cc_and_do.pdf>
Package pdftex.def Info: figures/1-introduction/cc_and_do.pdf used on input lin
e 47.
(pdftex.def)             Requested size: 303.53267pt x 218.38129pt.

<figures/1-introduction/hs_cartoon.pdf, id=127, 224.84pt x 236.885pt>
File: figures/1-introduction/hs_cartoon.pdf Graphic file (type pdf)

<use figures/1-introduction/hs_cartoon.pdf>
Package pdftex.def Info: figures/1-introduction/hs_cartoon.pdf used on input li
ne 53.
(pdftex.def)             Requested size: 216.81pt x 228.43355pt.
 [6 <./figures/1-introduction/cc_and_do.pdf>] [7 <./figures/1-introduction/hs_c
artoon.pdf>]
<figures/1-introduction/diallel_example.pdf, id=204, 643.40375pt x 537.00626pt>
File: figures/1-introduction/diallel_example.pdf Graphic file (type pdf)
<use figures/1-introduction/diallel_example.pdf>
Package pdftex.def Info: figures/1-introduction/diallel_example.pdf used on inp
ut line 67.
(pdftex.def)             Requested size: 346.89732pt x 289.53658pt.
 [8 <./figures/1-introduction/diallel_example.pdf>]
<figures/1-introduction/didact_example.pdf, id=222, 935.495pt x 514.92375pt>
File: figures/1-introduction/didact_example.pdf Graphic file (type pdf)

<use figures/1-introduction/didact_example.pdf>
Package pdftex.def Info: figures/1-introduction/didact_example.pdf used on inpu
t line 87.
(pdftex.def)             Requested size: 433.62001pt x 235.33266pt.
 [9] [10 <./figures/1-introduction/didact_example.pdf>] [11]
<figures/1-introduction/sparcc_diss_intro.pdf, id=272, 505.89pt x 505.89pt>
File: figures/1-introduction/sparcc_diss_intro.pdf Graphic file (type pdf)

<use figures/1-introduction/sparcc_diss_intro.pdf>
Package pdftex.def Info: figures/1-introduction/sparcc_diss_intro.pdf used on i
nput line 115.
(pdftex.def)             Requested size: 433.62001pt x 427.43379pt.
 [12] [13 <./figures/1-introduction/sparcc_diss_intro.pdf>] [14]
<figures/1-introduction/mi_example.pdf, id=368, 998.73125pt x 526.96875pt>
File: figures/1-introduction/mi_example.pdf Graphic file (type pdf)

<use figures/1-introduction/mi_example.pdf>
Package pdftex.def Info: figures/1-introduction/mi_example.pdf used on input li
ne 137.
(pdftex.def)             Requested size: 433.62001pt x 228.79533pt.
 [15] [16 <./figures/1-introduction/mi_example.pdf>]
<figures/1-introduction/hs_part1.pdf, id=455, 419.5675pt x 311.1625pt>
File: figures/1-introduction/hs_part1.pdf Graphic file (type pdf)

<use figures/1-introduction/hs_part1.pdf>
Package pdftex.def Info: figures/1-introduction/hs_part1.pdf used on input line
 155.
(pdftex.def)             Requested size: 303.53267pt x 219.8812pt.

<figures/1-introduction/hs_part2.pdf, id=457, 704.6325pt x 381.425pt>
File: figures/1-introduction/hs_part2.pdf Graphic file (type pdf)

<use figures/1-introduction/hs_part2.pdf>
Package pdftex.def Info: figures/1-introduction/hs_part2.pdf used on input line
 156.
(pdftex.def)             Requested size: 433.62001pt x 216.93411pt.
 [17] [18 <./figures/1-introduction/hs_part1.pdf> <./figures/1-introduction/hs_
part2.pdf>]
<figures/1-introduction/mediation_example_part1.pdf, id=517, 361.35pt x 332.241
26pt>
File: figures/1-introduction/mediation_example_part1.pdf Graphic file (type pdf
)
 <use figures/1-introduction/mediation_example_part1.pdf>
Package pdftex.def Info: figures/1-introduction/mediation_example_part1.pdf use
d on input line 174.
(pdftex.def)             Requested size: 303.53267pt x 273.00975pt.

<figures/1-introduction/mediation_example_part2.pdf, id=519, 635.37375pt x 434.
62375pt>
File: figures/1-introduction/mediation_example_part2.pdf Graphic file (type pdf
)
 <use figures/1-introduction/mediation_example_part2.pdf>
Package pdftex.def Info: figures/1-introduction/mediation_example_part2.pdf use
d on input line 175.
(pdftex.def)             Requested size: 433.62001pt x 252.23674pt.
 [19] [20 <./figures/1-introduction/mediation_example_part1.pdf> <./figures/1-i
ntroduction/mediation_example_part2.pdf>]) (./chapters/2_didact.tex [21]
Chapter 2.
[22

]
LaTeX Font Info:    Try loading font information for OT1+phv on input line 16.
 (/usr/local/texlive/2015/texmf-dist/tex/latex/psnfss/ot1phv.fd
File: ot1phv.fd 2001/06/04 scalable font definitions for OT1/phv.
)
Package microtype Info: Loading generic settings for font family
(microtype)             `phv' (encoding: OT1).
(microtype)             For optimal results, create family-specific settings.
(microtype)             See the microtype manual for details.

<figures/2-didact/biparental_crosses.pdf, id=585, 1331.97626pt x 326.21875pt>
File: figures/2-didact/biparental_crosses.pdf Graphic file (type pdf)

<use figures/2-didact/biparental_crosses.pdf>
Package pdftex.def Info: figures/2-didact/biparental_crosses.pdf used on input 
line 18.
(pdftex.def)             Requested size: 433.62001pt x 106.19902pt.
 [23] [24 <./figures/2-didact/biparental_crosses.pdf>]
<figures/2-didact/mapping_crosses.pdf, id=612, page=4, 963.6pt x 542.025pt>
File: figures/2-didact/mapping_crosses.pdf Graphic file (type pdf)

<use figures/2-didact/mapping_crosses.pdf, page 4>
Package pdftex.def Info: figures/2-didact/mapping_crosses.pdf, page4 used on in
put line 43.
(pdftex.def)             Requested size: 260.17465pt x 209.07312pt.
 [25] [26 <./figures/2-didact/mapping_crosses.pdf>] [27]
LaTeX Font Info:    Font shape `TS1/ptm/bx/n' in size <10.95> not available
(Font)              Font shape `TS1/ptm/b/n' tried instead on input line 80.
LaTeX Font Info:    Font shape `TS1/ptm/bx/n' in size <8> not available
(Font)              Font shape `TS1/ptm/b/n' tried instead on input line 80.
LaTeX Font Info:    Font shape `TS1/ptm/bx/n' in size <6> not available
(Font)              Font shape `TS1/ptm/b/n' tried instead on input line 80.

Overfull \hbox (4.97179pt too wide) in paragraph at lines 116--116
[]|$[]$| 
 []


Overfull \hbox (13.48848pt too wide) in paragraph at lines 116--116
[]|$[]$| 
 []

LaTeX Font Info:    Font shape `OT1/phv/m/it' in size <6> not available
(Font)              Font shape `OT1/phv/m/sl' tried instead on input line 116.
[28] [29] [30] [31] [32] [33]

Package amsmath Warning: Foreign command \atopwithdelims;
(amsmath)                \frac or \genfrac should be used instead
(amsmath)                 on input line 200.

<figures/2-didact/mapping_crosses.pdf, id=670, page=8, 963.6pt x 542.025pt>
File: figures/2-didact/mapping_crosses.pdf Graphic file (type pdf)

<use figures/2-didact/mapping_crosses.pdf, page 8>
Package pdftex.def Info: figures/2-didact/mapping_crosses.pdf, page8 used on in
put line 205.
(pdftex.def)             Requested size: 433.62001pt x 243.90898pt.
LaTeX Font Info:    Font shape `OT1/phv/bx/n' in size <10.95> not available
(Font)              Font shape `OT1/phv/b/n' tried instead on input line 206.
LaTeX Font Info:    Try loading font information for U+euf on input line 206.

(/usr/local/texlive/2015/texmf-dist/tex/latex/amsfonts/ueuf.fd
File: ueuf.fd 2013/01/14 v3.01 Euler Fraktur
)
(/usr/local/texlive/2015/texmf-dist/tex/latex/microtype/mt-euf.cfg
File: mt-euf.cfg 2006/07/03 v1.1 microtype config. file: AMS Euler Fraktur (RS)

) [34]
[35 <./figures/2-didact/mapping_crosses.pdf>]
Underfull \hbox (badness 2591) in paragraph at lines 219--221
[][] \OML/cmm/m/it/10.95 I[][]\OT1/cmr/m/n/10.95 (\OML/cmm/m/it/10.95 c\OMS/cms
y/m/n/10.95 j\U/euf/m/n/10.95 a\OML/cmm/m/it/10.95 ; ^^R\OT1/cmr/m/n/10.95 )$\O
T1/ptm/m/n/10.95 (+20) . $\OML/cmm/m/it/10.95 ^^R$ \OT1/ptm/m/n/10.95 (+20) can
 be marginal-ized out through in-te-gra-tion: $[]\OT1/cmr/m/n/10.95 (\OML/cmm/m
/it/10.95 ^^]\OMS/cmsy/m/n/10.95 j\U/euf/m/n/10.95 a\OT1/cmr/m/n/10.95 ) =
 []

[36] [37]
<figures/2-didact/flu_data_and_effects.pdf, id=859, 883.3pt x 459.7175pt>
File: figures/2-didact/flu_data_and_effects.pdf Graphic file (type pdf)

<use figures/2-didact/flu_data_and_effects.pdf>
Package pdftex.def Info: figures/2-didact/flu_data_and_effects.pdf used on inpu
t line 247.
(pdftex.def)             Requested size: 433.62001pt x 225.67741pt.
LaTeX Font Info:    Font shape `OT1/phv/m/it' in size <10.95> not available
(Font)              Font shape `OT1/phv/m/sl' tried instead on input line 248.
LaTeX Font Info:    Font shape `OT1/ptm/bx/it' in size <12> not available
(Font)              Font shape `OT1/ptm/b/it' tried instead on input line 253.
 [38] [39 <./figures/2-didact/flu_data_and_effects.pdf>]
<figures/2-didact/mapping_crosses.pdf, id=930, page=6, 963.6pt x 542.025pt>
File: figures/2-didact/mapping_crosses.pdf Graphic file (type pdf)

<use figures/2-didact/mapping_crosses.pdf, page 6>
Package pdftex.def Info: figures/2-didact/mapping_crosses.pdf, page6 used on in
put line 264.
(pdftex.def)             Requested size: 390.25536pt x 406.95612pt.

<figures/2-didact/mapping_crosses.pdf, id=932, page=7, 963.6pt x 542.025pt>
File: figures/2-didact/mapping_crosses.pdf Graphic file (type pdf)

<use figures/2-didact/mapping_crosses.pdf, page 7>
Package pdftex.def Info: figures/2-didact/mapping_crosses.pdf, page7 used on in
put line 271.
(pdftex.def)             Requested size: 390.25536pt x 280.81584pt.
 [40] [41 <./figures/2-didact/mapping_crosses.pdf>] [42 <./figures/2-didact/map
ping_crosses.pdf>]
<figures/2-didact/chgb_panel.pdf, id=996, 853.1875pt x 829.0975pt>
File: figures/2-didact/chgb_panel.pdf Graphic file (type pdf)

<use figures/2-didact/chgb_panel.pdf>
Package pdftex.def Info: figures/2-didact/chgb_panel.pdf used on input line 283
.
(pdftex.def)             Requested size: 433.62001pt x 421.37927pt.


LaTeX Warning: Float too large for page by 14.58571pt on input line 285.

<figures/2-didact/DIDACT_detailed.pdf, id=997, 988.69376pt x 308.15125pt>
File: figures/2-didact/DIDACT_detailed.pdf Graphic file (type pdf)

<use figures/2-didact/DIDACT_detailed.pdf>
Package pdftex.def Info: figures/2-didact/DIDACT_detailed.pdf used on input lin
e 294.
(pdftex.def)             Requested size: 433.62001pt x 119.97362pt.

<figures/2-didact/chgb_rbc_joint.pdf, id=999, 493.845pt x 543.02875pt>
File: figures/2-didact/chgb_rbc_joint.pdf Graphic file (type pdf)

<use figures/2-didact/chgb_rbc_joint.pdf>
Package pdftex.def Info: figures/2-didact/chgb_rbc_joint.pdf used on input line
 305.
(pdftex.def)             Requested size: 433.62001pt x 476.79787pt.
 [43] [44 <./figures/2-didact/chgb_panel.pdf>] [45 <./figures/2-didact/DIDACT_d
etailed.pdf>] [46 <./figures/2-didact/chgb_rbc_joint.pdf>] [47]) (./chapters/3_
sparcc.tex [48]
Chapter 3.
[49

] [50] [51] [52] [53] [54] [55]
Underfull \hbox (badness 7451) in paragraph at lines 103--104
[]\OT1/ptm/m/n/10.95 (+20) The SPARCC func-tion for run-ning genome scans from 
the sim-u-lated data is
 []

[56] [57] [58]
<figures/3-sparcc/sample_scan1.pdf, id=1205, 433.62pt x 216.81pt>
File: figures/3-sparcc/sample_scan1.pdf Graphic file (type pdf)

<use figures/3-sparcc/sample_scan1.pdf>
Package pdftex.def Info: figures/3-sparcc/sample_scan1.pdf used on input line 1
87.
(pdftex.def)             Requested size: 325.215pt x 70.46611pt.

<figures/3-sparcc/sample_scan2.pdf, id=1207, 433.62pt x 216.81pt>
File: figures/3-sparcc/sample_scan2.pdf Graphic file (type pdf)

<use figures/3-sparcc/sample_scan2.pdf>
Package pdftex.def Info: figures/3-sparcc/sample_scan2.pdf used on input line 1
88.
(pdftex.def)             Requested size: 325.215pt x 70.46611pt.

<figures/3-sparcc/sample_scan3.pdf, id=1209, 433.62pt x 216.81pt>
File: figures/3-sparcc/sample_scan3.pdf Graphic file (type pdf)

<use figures/3-sparcc/sample_scan3.pdf>
Package pdftex.def Info: figures/3-sparcc/sample_scan3.pdf used on input line 1
89.
(pdftex.def)             Requested size: 325.215pt x 70.46611pt.

<figures/3-sparcc/sample_scan4.pdf, id=1211, 433.62pt x 216.81pt>
File: figures/3-sparcc/sample_scan4.pdf Graphic file (type pdf)

<use figures/3-sparcc/sample_scan4.pdf>
Package pdftex.def Info: figures/3-sparcc/sample_scan4.pdf used on input line 1
90.
(pdftex.def)             Requested size: 325.215pt x 70.46611pt.

<figures/3-sparcc/sample_scan5.pdf, id=1213, 433.62pt x 216.81pt>
File: figures/3-sparcc/sample_scan5.pdf Graphic file (type pdf)

<use figures/3-sparcc/sample_scan5.pdf>
Package pdftex.def Info: figures/3-sparcc/sample_scan5.pdf used on input line 1
91.
(pdftex.def)             Requested size: 325.215pt x 81.30687pt.


LaTeX Warning: `h' float specifier changed to `ht'.

LaTeX Font Info:    Try loading font information for OMS+ptm on input line 199.

(/usr/local/texlive/2015/texmf-dist/tex/latex/psnfss/omsptm.fd
File: omsptm.fd 
)
LaTeX Font Info:    Font shape `OMS/ptm/m/n' in size <10.95> not available
(Font)              Font shape `OMS/cmsy/m/n' tried instead on input line 199.
 [59]
<figures/3-sparcc/power_by_strain_panel.pdf, id=1218, 459.7175pt x 584.1825pt>
File: figures/3-sparcc/power_by_strain_panel.pdf Graphic file (type pdf)

<use figures/3-sparcc/power_by_strain_panel.pdf>
Package pdftex.def Info: figures/3-sparcc/power_by_strain_panel.pdf used on inp
ut line 220.
(pdftex.def)             Requested size: 346.89732pt x 447.86977pt.
 [60]
<figures/3-sparcc/power_by_rep_panel.pdf, id=1224, 463.7325pt x 433.62pt>
File: figures/3-sparcc/power_by_rep_panel.pdf Graphic file (type pdf)

<use figures/3-sparcc/power_by_rep_panel.pdf>
Package pdftex.def Info: figures/3-sparcc/power_by_rep_panel.pdf used on input 
line 227.
(pdftex.def)             Requested size: 390.25536pt x 364.91982pt.

<figures/3-sparcc/power_heatmap_process.pdf, id=1226, 505.89pt x 433.62pt>
File: figures/3-sparcc/power_heatmap_process.pdf Graphic file (type pdf)

<use figures/3-sparcc/power_heatmap_process.pdf>
Package pdftex.def Info: figures/3-sparcc/power_heatmap_process.pdf used on inp
ut line 234.
(pdftex.def)             Requested size: 433.62001pt x 365.48682pt.
 [61]
<figures/3-sparcc/two_allele_comparisons_processed.pdf, id=1231, 505.89pt x 505
.89pt>
File: figures/3-sparcc/two_allele_comparisons_processed.pdf Graphic file (type 
pdf)
 <use figures/3-sparcc/two_allele_comparisons_processed.pdf>
Package pdftex.def Info: figures/3-sparcc/two_allele_comparisons_processed.pdf 
used on input line 255.
(pdftex.def)             Requested size: 433.62001pt x 421.23967pt.
 [62]
LaTeX Font Info:    Font shape `OT1/pcr/bx/n' in size <12> not available
(Font)              Font shape `OT1/pcr/b/n' tried instead on input line 271.

[63] [64]) (./chapters/4_mi.tex [65] [66 <./figures/3-sparcc/sample_scan1.pdf> 
<./figures/3-sparcc/sample_scan2.pdf> <./figures/3-sparcc/sample_scan3.pdf> <./
figures/3-sparcc/sample_scan4.pdf> <./figures/3-sparcc/sample_scan5.pdf>]
[67 <./figures/3-sparcc/power_by_strain_panel.pdf>] [68 <./figures/3-sparcc/pow
er_by_rep_panel.pdf>] [69 <./figures/3-sparcc/power_heatmap_process.pdf>]
[70 <./figures/3-sparcc/two_allele_comparisons_processed.pdf>]
Chapter 4.
[71

] [72] [73] [74] [75] [76] [77] [78] [79] [80] [81] [82] [83] [84] [85]
[86] [87] <figures/4-mi/Leah_example.pdf, id=1494, 798.985pt x 517.935pt>
File: figures/4-mi/Leah_example.pdf Graphic file (type pdf)

<use figures/4-mi/Leah_example.pdf>
Package pdftex.def Info: figures/4-mi/Leah_example.pdf used on input line 178.
(pdftex.def)             Requested size: 433.62001pt x 281.09537pt.

<figures/4-mi/fixef_mapping_truth.pdf, id=1495, 285.065pt x 257.96375pt>
File: figures/4-mi/fixef_mapping_truth.pdf Graphic file (type pdf)

<use figures/4-mi/fixef_mapping_truth.pdf>
Package pdftex.def Info: figures/4-mi/fixef_mapping_truth.pdf used on input lin
e 188.
(pdftex.def)             Requested size: 260.17465pt x 235.44014pt.
 [88] [89 <./figures/4-mi/Leah_example.pdf>]
<figures/4-mi/fixef_mapping_uncertainty_dirichlet.pdf, id=1594, 474.77374pt x 2
15.80624pt>
File: figures/4-mi/fixef_mapping_uncertainty_dirichlet.pdf Graphic file (type p
df)
 <use figures/4-mi/fixef_mapping_uncertainty_dirichlet.pdf>
Package pdftex.def Info: figures/4-mi/fixef_mapping_uncertainty_dirichlet.pdf u
sed on input line 195.
(pdftex.def)             Requested size: 433.62001pt x 197.10843pt.
 [90 <./figures/4-mi/fixef_mapping_truth.pdf>] [91 <./figures/4-mi/fixef_mappin
g_uncertainty_dirichlet.pdf>] [92]
Overfull \hbox (10.07018pt too wide) in alignment at lines 241--241
[][][][] 
 []


<figures/4-mi/CC_pvalue_fluct_qtl_mean_count1.pdf, id=1712, 794.97pt x 361.35pt
>
File: figures/4-mi/CC_pvalue_fluct_qtl_mean_count1.pdf Graphic file (type pdf)
 <use figures/4-mi/CC_pvalue_fluct_qtl_mean_count1.pdf>
Package pdftex.def Info: figures/4-mi/CC_pvalue_fluct_qtl_mean_count1.pdf used 
on input line 249.
(pdftex.def)             Requested size: 433.62001pt x 197.10553pt.

<figures/4-mi/CC_pvalue_fluct_null_mean_count1.pdf, id=1713, 794.97pt x 361.35p
t>
File: figures/4-mi/CC_pvalue_fluct_null_mean_count1.pdf Graphic file (type pdf)

 <use figures/4-mi/CC_pvalue_fluct_null_mean_count1.pdf>
Package pdftex.def Info: figures/4-mi/CC_pvalue_fluct_null_mean_count1.pdf used
 on input line 256.
(pdftex.def)             Requested size: 433.62001pt x 197.10553pt.
 [93] [94 <./figures/4-mi/CC_pvalue_fluct_qtl_mean_count1.pdf> <./figures/4-mi/
CC_pvalue_fluct_null_mean_count1.pdf>]
<figures/4-mi/CC_example.pdf, id=1740, 402.50375pt x 490.83376pt>
File: figures/4-mi/CC_example.pdf Graphic file (type pdf)

<use figures/4-mi/CC_example.pdf>
Package pdftex.def Info: figures/4-mi/CC_example.pdf used on input line 267.
(pdftex.def)             Requested size: 346.89732pt x 391.87978pt.

<figures/4-mi/Amelie_example.pdf, id=1742, 407.5225pt x 308.15125pt>
File: figures/4-mi/Amelie_example.pdf Graphic file (type pdf)

<use figures/4-mi/Amelie_example.pdf>
Package pdftex.def Info: figures/4-mi/Amelie_example.pdf used on input line 276
.
(pdftex.def)             Requested size: 433.62001pt x 327.8989pt.

<figures/4-mi/population_allele_freq.pdf, id=1743, 216.81pt x 216.81pt>
File: figures/4-mi/population_allele_freq.pdf Graphic file (type pdf)

<use figures/4-mi/population_allele_freq.pdf>
Package pdftex.def Info: figures/4-mi/population_allele_freq.pdf used on input 
line 286.
(pdftex.def)             Requested size: 303.53267pt x 326.02007pt.
 [95] [96 <./figures/4-mi/CC_example.pdf>] [97 <./figures/4-mi/Amelie_example.p
df>] [98 <./figures/4-mi/population_allele_freq.pdf>]
<figures/4-mi/ROP_alternatives.pdf, id=1864, 492.84125pt x 150.5625pt>
File: figures/4-mi/ROP_alternatives.pdf Graphic file (type pdf)

<use figures/4-mi/ROP_alternatives.pdf>
Package pdftex.def Info: figures/4-mi/ROP_alternatives.pdf used on input line 2
97.
(pdftex.def)             Requested size: 433.62001pt x 132.47702pt.
 [99 <./figures/4-mi/ROP_alternatives.pdf>] [100] [101] [102] [103]
<figures/4-mi/fixef_mapping_uncertainty_dilution.pdf, id=1917, 471.7625pt x 214
.8025pt>
File: figures/4-mi/fixef_mapping_uncertainty_dilution.pdf Graphic file (type pd
f)
 <use figures/4-mi/fixef_mapping_uncertainty_dilution.pdf>
Package pdftex.def Info: figures/4-mi/fixef_mapping_uncertainty_dilution.pdf us
ed on input line 335.
(pdftex.def)             Requested size: 433.62001pt x 197.43715pt.

<figures/4-mi/CC_pvalue_fluct_qtl_mean_dilution.pdf, id=1919, 794.97pt x 361.35
pt>
File: figures/4-mi/CC_pvalue_fluct_qtl_mean_dilution.pdf Graphic file (type pdf
)
 <use figures/4-mi/CC_pvalue_fluct_qtl_mean_dilution.pdf>
Package pdftex.def Info: figures/4-mi/CC_pvalue_fluct_qtl_mean_dilution.pdf use
d on input line 342.
(pdftex.def)             Requested size: 433.62001pt x 197.10553pt.

<figures/4-mi/CC_pvalue_fluct_null_mean_dilution.pdf, id=1920, 794.97pt x 361.3
5pt>
File: figures/4-mi/CC_pvalue_fluct_null_mean_dilution.pdf Graphic file (type pd
f)
 <use figures/4-mi/CC_pvalue_fluct_null_mean_dilution.pdf>
Package pdftex.def Info: figures/4-mi/CC_pvalue_fluct_null_mean_dilution.pdf us
ed on input line 347.
(pdftex.def)             Requested size: 433.62001pt x 197.10553pt.
)
(./chapters/5_hsrats.tex [104 <./figures/4-mi/fixef_mapping_uncertainty_dilutio
n.pdf>] [105 <./figures/4-mi/CC_pvalue_fluct_qtl_mean_dilution.pdf> <./figures/
4-mi/CC_pvalue_fluct_null_mean_dilution.pdf>]
Chapter 5.
[106

] [107] [108] [109] [110]
<figures/5-hsrats/Figure1.pdf, id=2025, 722.7pt x 542.025pt>
File: figures/5-hsrats/Figure1.pdf Graphic file (type pdf)

<use figures/5-hsrats/Figure1.pdf>
Package pdftex.def Info: figures/5-hsrats/Figure1.pdf used on input line 63.
(pdftex.def)             Requested size: 433.62001pt x 247.16519pt.


pdfTeX warning: /Library/TeX/texbin/pdflatex (file ./figures/5-hsrats/Table1.pd
f): PDF inclusion: found PDF version <1.7>, but at most version <1.5> allowed
<figures/5-hsrats/Table1.pdf, id=2027, 614.295pt x 794.97pt>
File: figures/5-hsrats/Table1.pdf Graphic file (type pdf)

<use figures/5-hsrats/Table1.pdf>
Package pdftex.def Info: figures/5-hsrats/Table1.pdf used on input line 73.
(pdftex.def)             Requested size: 433.62001pt x 448.92618pt.
 [111 <./figures/5-hsrats/Figure1.pdf>]
<figures/5-hsrats/Figure2.pdf, id=2042, 722.7pt x 542.025pt>
File: figures/5-hsrats/Figure2.pdf Graphic file (type pdf)

<use figures/5-hsrats/Figure2.pdf>
Package pdftex.def Info: figures/5-hsrats/Figure2.pdf used on input line 79.
(pdftex.def)             Requested size: 433.62001pt x 173.44934pt.
 [112 <./figures/5-hsrats/Figure2.pdf>]
[113 <./figures/5-hsrats/Table1.pdf>]
<figures/5-hsrats/Figure3-alt.pdf, id=2078, 361.35pt x 271.0125pt>
File: figures/5-hsrats/Figure3-alt.pdf Graphic file (type pdf)

<use figures/5-hsrats/Figure3-alt.pdf>
Package pdftex.def Info: figures/5-hsrats/Figure3-alt.pdf used on input line 99
.
(pdftex.def)             Requested size: 433.62001pt x 325.2175pt.

<figures/5-hsrats/Figure4.pdf, id=2080, 722.7pt x 542.025pt>
File: figures/5-hsrats/Figure4.pdf Graphic file (type pdf)

<use figures/5-hsrats/Figure4.pdf>
Package pdftex.def Info: figures/5-hsrats/Figure4.pdf used on input line 105.
(pdftex.def)             Requested size: 433.62001pt x 312.20868pt.

<figures/5-hsrats/Figure5.pdf, id=2082, 722.7pt x 542.025pt>
File: figures/5-hsrats/Figure5.pdf Graphic file (type pdf)

<use figures/5-hsrats/Figure5.pdf>
Package pdftex.def Info: figures/5-hsrats/Figure5.pdf used on input line 111.
(pdftex.def)             Requested size: 433.62001pt x 238.49284pt.
 [114] [115 <./figures/5-hsrats/Figure3-alt.pdf>] [116 <./figures/5-hsrats/Figu
re4.pdf>] [117 <./figures/5-hsrats/Figure5.pdf>] <figures/5-hsrats/Figure6-alt.
pdf, id=2139, 361.35pt x 271.0125pt>
File: figures/5-hsrats/Figure6-alt.pdf Graphic file (type pdf)

<use figures/5-hsrats/Figure6-alt.pdf>
Package pdftex.def Info: figures/5-hsrats/Figure6-alt.pdf used on input line 12
1.
(pdftex.def)             Requested size: 433.62001pt x 325.2175pt.

<figures/5-hsrats/Figure7-alt.pdf, id=2141, 361.35pt x 271.0125pt>
File: figures/5-hsrats/Figure7-alt.pdf Graphic file (type pdf)

<use figures/5-hsrats/Figure7-alt.pdf>
Package pdftex.def Info: figures/5-hsrats/Figure7-alt.pdf used on input line 13
3.
(pdftex.def)             Requested size: 433.62001pt x 325.2175pt.
 [118] [119 <./figures/5-hsrats/Figure6-alt.pdf>] [120 <./figures/5-hsrats/Figu
re7-alt.pdf>] [121] [122] [123] [124]
[125] [126] [127] [128] [129]
<figures/5-hsrats/SuppFig1.pc.plots.multipanel.pdf, id=2225, page=1, 505.89pt x
 505.89pt>
File: figures/5-hsrats/SuppFig1.pc.plots.multipanel.pdf Graphic file (type pdf)

 <use figures/5-hsrats/SuppFig1.pc.plots.multipanel.pdf, page 1>
Package pdftex.def Info: figures/5-hsrats/SuppFig1.pc.plots.multipanel.pdf, pag
e1 used on input line 258.
(pdftex.def)             Requested size: 264.50847pt x 264.51552pt.

<figures/5-hsrats/SuppFig1.pc.plots.multipanel.pdf, id=2226, page=2, 505.89pt x
 505.89pt>
File: figures/5-hsrats/SuppFig1.pc.plots.multipanel.pdf Graphic file (type pdf)

 <use figures/5-hsrats/SuppFig1.pc.plots.multipanel.pdf, page 2>
Package pdftex.def Info: figures/5-hsrats/SuppFig1.pc.plots.multipanel.pdf, pag
e2 used on input line 259.
(pdftex.def)             Requested size: 264.50847pt x 226.7276pt.

<figures/5-hsrats/RetroFatg_chr6_finemapping_grayscale.pdf, id=2228, 433.62pt x
 361.35pt>
File: figures/5-hsrats/RetroFatg_chr6_finemapping_grayscale.pdf Graphic file (t
ype pdf)
 <use figures/5-hsrats/RetroFatg_chr6_finemapping_grayscale.pdf>
Package pdftex.def Info: figures/5-hsrats/RetroFatg_chr6_finemapping_grayscale.
pdf used on input line 265.
(pdftex.def)             Requested size: 433.62001pt x 307.16081pt.

<figures/5-hsrats/RetroFat_chr6_finemap_annotations.pdf, id=2230, 650.43pt x 43
3.62pt>
File: figures/5-hsrats/RetroFat_chr6_finemap_annotations.pdf Graphic file (type
 pdf)
 <use figures/5-hsrats/RetroFat_chr6_finemap_annotations.pdf>
Package pdftex.def Info: figures/5-hsrats/RetroFat_chr6_finemap_annotations.pdf
 used on input line 271.
(pdftex.def)             Requested size: 433.62001pt x 204.77077pt.

<figures/5-hsrats/Krtcap3_scatter.pdf, id=2232, 433.62pt x 289.08pt>
File: figures/5-hsrats/Krtcap3_scatter.pdf Graphic file (type pdf)

<use figures/5-hsrats/Krtcap3_scatter.pdf>
Package pdftex.def Info: figures/5-hsrats/Krtcap3_scatter.pdf used on input lin
e 277.
(pdftex.def)             Requested size: 433.62001pt x 234.88766pt.

<figures/5-hsrats/Slc30a3_scatter.pdf, id=2234, 433.62pt x 289.08pt>
File: figures/5-hsrats/Slc30a3_scatter.pdf Graphic file (type pdf)

<use figures/5-hsrats/Slc30a3_scatter.pdf>
Package pdftex.def Info: figures/5-hsrats/Slc30a3_scatter.pdf used on input lin
e 283.
(pdftex.def)             Requested size: 433.62001pt x 234.88766pt.

<figures/5-hsrats/supp_table_retrofat_chr6.pdf, id=2236, page=1, 614.295pt x 79
4.97pt>
File: figures/5-hsrats/supp_table_retrofat_chr6.pdf Graphic file (type pdf)
 <use figures/5-hsrats/supp_table_retrofat_chr6.pdf, page 1>
Package pdftex.def Info: figures/5-hsrats/supp_table_retrofat_chr6.pdf, page1 u
sed on input line 291.
(pdftex.def)             Requested size: 433.62001pt x 512.69405pt.
 [130]
[131 <./figures/5-hsrats/SuppFig1.pc.plots.multipanel.pdf> <./figures/5-hsrats/
SuppFig1.pc.plots.multipanel.pdf>] [132 <./figures/5-hsrats/RetroFatg_chr6_fine
mapping_grayscale.pdf>] [133 <./figures/5-hsrats/RetroFat_chr6_finemap_annotati
ons.pdf> <./figures/5-hsrats/Krtcap3_scatter.pdf>] [134 <./figures/5-hsrats/Slc
30a3_scatter.pdf>] [135 <./figures/5-hsrats/supp_table_retrofat_chr6.pdf>]
<figures/5-hsrats/supp_table_retrofat_chr6_extended.pdf, id=2319, page=1, 614.2
95pt x 794.97pt>
File: figures/5-hsrats/supp_table_retrofat_chr6_extended.pdf Graphic file (type
 pdf)

<use figures/5-hsrats/supp_table_retrofat_chr6_extended.pdf, page 1>
Package pdftex.def Info: figures/5-hsrats/supp_table_retrofat_chr6_extended.pdf
, page1 used on input line 299.
(pdftex.def)             Requested size: 433.62001pt x 512.69405pt.
 [136 <./figures/5-hsrats/supp_table_retrofat_chr6_extended.pdf>]
<figures/5-hsrats/supp_table_retrofat_chr6_extended.pdf, id=2345, page=2, 614.2
95pt x 794.97pt>
File: figures/5-hsrats/supp_table_retrofat_chr6_extended.pdf Graphic file (type
 pdf)

<use figures/5-hsrats/supp_table_retrofat_chr6_extended.pdf, page 2>
Package pdftex.def Info: figures/5-hsrats/supp_table_retrofat_chr6_extended.pdf
, page2 used on input line 307.
(pdftex.def)             Requested size: 433.62001pt x 512.69405pt.
 [137 <./figures/5-hsrats/supp_table_retrofat_chr6_extended.pdf>]
<figures/5-hsrats/supp_table_retrofat_chr6_extended.pdf, id=2371, page=3, 614.2
95pt x 794.97pt>
File: figures/5-hsrats/supp_table_retrofat_chr6_extended.pdf Graphic file (type
 pdf)

<use figures/5-hsrats/supp_table_retrofat_chr6_extended.pdf, page 3>
Package pdftex.def Info: figures/5-hsrats/supp_table_retrofat_chr6_extended.pdf
, page3 used on input line 315.
(pdftex.def)             Requested size: 433.62001pt x 410.66544pt.
 [138 <./figures/5-hsrats/supp_table_retrofat_chr6_extended.pdf>]
<figures/5-hsrats/supp_table_retrofat_chr1.pdf, id=2399, page=1, 614.295pt x 79
4.97pt>
File: figures/5-hsrats/supp_table_retrofat_chr1.pdf Graphic file (type pdf)
 <use figures/5-hsrats/supp_table_retrofat_chr1.pdf, page 1>
Package pdftex.def Info: figures/5-hsrats/supp_table_retrofat_chr1.pdf, page1 u
sed on input line 323.
(pdftex.def)             Requested size: 433.62001pt x 512.69405pt.
 [139 <./figures/5-hsrats/supp_table_retrofat_chr1.pdf>]
<figures/5-hsrats/supp_table_retrofat_chr1_extended.pdf, id=2425, page=1, 614.2
95pt x 794.97pt>
File: figures/5-hsrats/supp_table_retrofat_chr1_extended.pdf Graphic file (type
 pdf)

<use figures/5-hsrats/supp_table_retrofat_chr1_extended.pdf, page 1>
Package pdftex.def Info: figures/5-hsrats/supp_table_retrofat_chr1_extended.pdf
, page1 used on input line 331.
(pdftex.def)             Requested size: 433.62001pt x 257.62247pt.
 [140 <./figures/5-hsrats/supp_table_retrofat_chr1_extended.pdf>]
<figures/5-hsrats/supp_table_bodyweight_chr4.pdf, id=2451, page=1, 614.295pt x 
794.97pt>
File: figures/5-hsrats/supp_table_bodyweight_chr4.pdf Graphic file (type pdf)
 <use figures/5-hsrats/supp_table_bodyweight_chr4.pdf, page 1>
Package pdftex.def Info: figures/5-hsrats/supp_table_bodyweight_chr4.pdf, page1
 used on input line 339.
(pdftex.def)             Requested size: 433.62001pt x 436.17258pt.

[141 <./figures/5-hsrats/supp_table_bodyweight_chr4.pdf>]
<figures/5-hsrats/supp_table_eqtl.pdf, id=2477, page=1, 614.295pt x 794.97pt>
File: figures/5-hsrats/supp_table_eqtl.pdf Graphic file (type pdf)

<use figures/5-hsrats/supp_table_eqtl.pdf, page 1>
Package pdftex.def Info: figures/5-hsrats/supp_table_eqtl.pdf, page1 used on in
put line 347.
(pdftex.def)             Requested size: 433.62001pt x 257.62247pt.
 [142 <./figures/5-hsrats/supp_table_eqtl.pdf>]
<figures/5-hsrats/supp_table_mediators.pdf, id=2509, page=1, 614.295pt x 794.97
pt>
File: figures/5-hsrats/supp_table_mediators.pdf Graphic file (type pdf)
 <use figures/5-hsrats/supp_table_mediators.pdf, page 1>
Package pdftex.def Info: figures/5-hsrats/supp_table_mediators.pdf, page1 used 
on input line 355.
(pdftex.def)             Requested size: 433.62001pt x 142.84026pt.
)
(./chapters/6_mediation.tex [143 <./figures/5-hsrats/supp_table_mediators.pdf>]
Chapter 6.
[144









] [145] [146]
Underfull \hbox (badness 1701) in paragraph at lines 35--36
\OT1/ptm/m/n/10.95 (+20) that passed fil-ter-ing were aligned to the ap-pro-pri
-ate pseudo-genome us-ing GSNAP (pa-
 []

[147] [148] [149] [150] [151] [152] [153] [154]
<figures/6-mediation/eQTL_cQTL_graph.pdf, id=2575, 963.6pt x 542.025pt>
File: figures/6-mediation/eQTL_cQTL_graph.pdf Graphic file (type pdf)

<use figures/6-mediation/eQTL_cQTL_graph.pdf>
Package pdftex.def Info: figures/6-mediation/eQTL_cQTL_graph.pdf used on input 
line 147.
(pdftex.def)             Requested size: 433.62001pt x 243.90898pt.
 [155] [156 <./figures/6-mediation/eQTL_cQTL_graph.pdf>] [157] [158]
Underfull \hbox (badness 10000) in paragraph at lines 278--278
[]|\OT1/phv/m/n/10.95 (+20) 101
 []


Underfull \hbox (badness 10000) in paragraph at lines 278--278
[]|\OT1/phv/m/n/10.95 (+20) 117
 []


Underfull \hbox (badness 10000) in paragraph at lines 278--278
[]|\OT1/phv/m/n/10.95 (+20) 170
 []


Underfull \hbox (badness 10000) in paragraph at lines 278--278
[]|\OT1/phv/m/n/10.95 (+20) 188
 []


Underfull \hbox (badness 10000) in paragraph at lines 278--278
[]|\OT1/phv/m/n/10.95 (+20) 273
 []


Underfull \hbox (badness 10000) in paragraph at lines 278--278
[]|\OT1/phv/m/n/10.95 (+20) 380
 []


Underfull \hbox (badness 10000) in paragraph at lines 278--278
[]|\OT1/phv/m/n/10.95 (+20) 73
 []


Underfull \hbox (badness 10000) in paragraph at lines 278--278
[]|\OT1/phv/m/n/10.95 (+20) 96
 []


Underfull \hbox (badness 10000) in paragraph at lines 278--278
[]|\OT1/phv/m/n/10.95 (+20) 140
 []


Underfull \hbox (badness 10000) in paragraph at lines 278--278
[]|\OT1/phv/m/n/10.95 (+20) 139
 []


Underfull \hbox (badness 10000) in paragraph at lines 278--278
[]|\OT1/phv/m/n/10.95 (+20) 204
 []


Underfull \hbox (badness 10000) in paragraph at lines 278--278
[]|\OT1/phv/m/n/10.95 (+20) 282
 []


Underfull \hbox (badness 10000) in paragraph at lines 278--278
[]|\OT1/phv/m/n/10.95 (+20) 28
 []


Underfull \hbox (badness 10000) in paragraph at lines 278--278
[]|\OT1/phv/m/n/10.95 (+20) 21
 []


Underfull \hbox (badness 10000) in paragraph at lines 278--278
[]|\OT1/phv/m/n/10.95 (+20) 30
 []


Underfull \hbox (badness 10000) in paragraph at lines 278--278
[]|\OT1/phv/m/n/10.95 (+20) 49
 []


Underfull \hbox (badness 10000) in paragraph at lines 278--278
[]|\OT1/phv/m/n/10.95 (+20) 69
 []


Underfull \hbox (badness 10000) in paragraph at lines 278--278
[]|\OT1/phv/m/n/10.95 (+20) 98
 []


Underfull \hbox (badness 10000) in paragraph at lines 278--278
[]|\OT1/phv/m/n/10.95 (+20) 70
 []


Underfull \hbox (badness 10000) in paragraph at lines 278--278
[]|\OT1/phv/m/n/10.95 (+20) 92
 []


Underfull \hbox (badness 10000) in paragraph at lines 278--278
[]|\OT1/phv/m/n/10.95 (+20) 138
 []


Underfull \hbox (badness 10000) in paragraph at lines 278--278
[]|\OT1/phv/m/n/10.95 (+20) 129
 []


Underfull \hbox (badness 10000) in paragraph at lines 278--278
[]|\OT1/phv/m/n/10.95 (+20) 185
 []


Underfull \hbox (badness 10000) in paragraph at lines 278--278
[]|\OT1/phv/m/n/10.95 (+20) 270
 []


Underfull \hbox (badness 10000) in paragraph at lines 278--278
[]|\OT1/phv/m/n/10.95 (+20) 3
 []


Underfull \hbox (badness 10000) in paragraph at lines 278--278
[]|\OT1/phv/m/n/10.95 (+20) 4
 []


Underfull \hbox (badness 10000) in paragraph at lines 278--278
[]|\OT1/phv/m/n/10.95 (+20) 2
 []


Underfull \hbox (badness 10000) in paragraph at lines 278--278
[]|\OT1/phv/m/n/10.95 (+20) 10
 []


Underfull \hbox (badness 10000) in paragraph at lines 278--278
[]|\OT1/phv/m/n/10.95 (+20) 19
 []


Underfull \hbox (badness 10000) in paragraph at lines 278--278
[]|\OT1/phv/m/n/10.95 (+20) 12
 []

[159] <figures/6-mediation/all_qtl_maps.pdf, id=2610, 833.1125pt x 542.025pt>
File: figures/6-mediation/all_qtl_maps.pdf Graphic file (type pdf)

<use figures/6-mediation/all_qtl_maps.pdf>
Package pdftex.def Info: figures/6-mediation/all_qtl_maps.pdf used on input lin
e 289.
(pdftex.def)             Requested size: 433.62001pt x 282.11928pt.

<figures/6-mediation/mediation_example.pdf, id=2612, 453.695pt x 487.8225pt>
File: figures/6-mediation/mediation_example.pdf Graphic file (type pdf)

<use figures/6-mediation/mediation_example.pdf>
Package pdftex.def Info: figures/6-mediation/mediation_example.pdf used on inpu
t line 298.
(pdftex.def)             Requested size: 433.62001pt x 452.42807pt.
 [160] [161] [162 <./figures/6-mediation/all_qtl_maps.pdf>]
<figures/6-mediation/mediator_or_colocal.pdf, id=2690, 1283.79625pt x 566.115pt
>
File: figures/6-mediation/mediator_or_colocal.pdf Graphic file (type pdf)
 <use figures/6-mediation/mediator_or_colocal.pdf>
Package pdftex.def Info: figures/6-mediation/mediator_or_colocal.pdf used on in
put line 309.
(pdftex.def)             Requested size: 433.62001pt x 191.20673pt.
 [163] [164 <./figures/6-mediation/mediation_example.pdf>]
<figures/6-mediation/all_circos.pdf, id=2746, 793.96625pt x 318.18875pt>
File: figures/6-mediation/all_circos.pdf Graphic file (type pdf)

<use figures/6-mediation/all_circos.pdf>
Package pdftex.def Info: figures/6-mediation/all_circos.pdf used on input line 
324.
(pdftex.def)             Requested size: 433.62001pt x 173.78084pt.

<figures/6-mediation/genome_wide_dist.pdf, id=2747, 751.80875pt x 658.46pt>
File: figures/6-mediation/genome_wide_dist.pdf Graphic file (type pdf)

<use figures/6-mediation/genome_wide_dist.pdf>
Package pdftex.def Info: figures/6-mediation/genome_wide_dist.pdf used on input
 line 336.
(pdftex.def)             Requested size: 433.62001pt x 379.7871pt.
 [165 <./figures/6-mediation/mediator_or_colocal.pdf>]
<figures/6-mediation/chrom_wide_dist.pdf, id=2860, 746.79pt x 669.50125pt>
File: figures/6-mediation/chrom_wide_dist.pdf Graphic file (type pdf)

<use figures/6-mediation/chrom_wide_dist.pdf>
Package pdftex.def Info: figures/6-mediation/chrom_wide_dist.pdf used on input 
line 343.
(pdftex.def)             Requested size: 433.62001pt x 388.74005pt.
 [166 <./figures/6-mediation/all_circos.pdf>] [167 <./figures/6-mediation/genom
e_wide_dist.pdf>] [168 <./figures/6-mediation/chrom_wide_dist.pdf>] [169] [170]

<figures/6-mediation/pca_processed.pdf, id=3189, 555.07375pt x 297.11pt>
File: figures/6-mediation/pca_processed.pdf Graphic file (type pdf)

<use figures/6-mediation/pca_processed.pdf>
Package pdftex.def Info: figures/6-mediation/pca_processed.pdf used on input li
ne 373.
(pdftex.def)             Requested size: 433.62001pt x 232.10301pt.
) (./chapters/7_discussion.tex
[171 <./figures/6-mediation/pca_processed.pdf>]
Chapter 7.
[172

] [173] [174] [175] [176]) (./common/references.tex [177] (./keele_diss.bbl [17
8

] [179]
Missing character: There is no  in font ptmr7t!
Missing character: There is no  in font ptmr7t!
 [180] [181] [182]
LaTeX Font Info:    Try loading font information for OML+ptm on input line 519.


(/usr/local/texlive/2015/texmf-dist/tex/latex/psnfss/omlptm.fd
File: omlptm.fd 
)
LaTeX Font Info:    Font shape `OML/ptm/m/n' in size <10.95> not available
(Font)              Font shape `OML/cmm/m/it' tried instead on input line 519.
 [183] [184]
[185] [186] [187]
Missing character: There is no  in font ptmr7t!
Missing character: There is no  in font ptmr7t!
Missing character: There is no  in font ptmr7t!
Missing character: There is no  in font ptmr7t!
Missing character: There is no  in font ptmr7t!
Missing character: There is no  in font ptmr7t!
Missing character: There is no  in font ptmr7t!
Missing character: There is no  in font ptmr7t!
Missing character: There is no  in font ptmr7t!
 [188] [189]
Missing character: There is no  in font ptmr7t!
Missing character: There is no  in font ptmr7t!
Missing character: There is no  in font ptmr7t!
Missing character: There is no  in font ptmr7t!
Missing character: There is no  in font ptmr7t!
 [190] [191] [192] [193] [194] [195] [196]
[197] [198])) [199] (./keele_diss.aux)

LaTeX Warning: There were multiply-defined labels.

 ) 
Here is how much of TeX's memory you used:
 19604 strings out of 493089
 368071 string characters out of 6134842
 512516 words of memory out of 5000000
 22212 multiletter control sequences out of 15000+600000
 75459 words of font info for 413 fonts, out of 8000000 for 9000
 1142 hyphenation exceptions out of 8191
 43i,22n,47p,10457b,677s stack positions out of 5000i,500n,10000p,200000b,80000s
{/usr/local/texlive/2015/texmf-dist/fonts/enc/dvips/base/8r.enc}</usr/local/t
exlive/2015/texmf-dist/fonts/type1/public/amsfonts/cm/cmbsy10.pfb></usr/local/t
exlive/2015/texmf-dist/fonts/type1/public/amsfonts/cm/cmbx10.pfb></usr/local/te
xlive/2015/texmf-dist/fonts/type1/public/amsfonts/cm/cmbx8.pfb></usr/local/texl
ive/2015/texmf-dist/fonts/type1/public/amsfonts/cm/cmbx9.pfb></usr/local/texliv
e/2015/texmf-dist/fonts/type1/public/amsfonts/cm/cmex10.pfb></usr/local/texlive
/2015/texmf-dist/fonts/type1/public/amsfonts/cmextra/cmex8.pfb></usr/local/texl
ive/2015/texmf-dist/fonts/type1/public/amsfonts/cm/cmmi10.pfb></usr/local/texli
ve/2015/texmf-dist/fonts/type1/public/amsfonts/cm/cmmi6.pfb></usr/local/texlive
/2015/texmf-dist/fonts/type1/public/amsfonts/cm/cmmi7.pfb></usr/local/texlive/2
015/texmf-dist/fonts/type1/public/amsfonts/cm/cmmi8.pfb></usr/local/texlive/201
5/texmf-dist/fonts/type1/public/amsfonts/cm/cmmi9.pfb></usr/local/texlive/2015/
texmf-dist/fonts/type1/public/amsfonts/cm/cmmib10.pfb></usr/local/texlive/2015/
texmf-dist/fonts/type1/public/amsfonts/cm/cmr10.pfb></usr/local/texlive/2015/te
xmf-dist/fonts/type1/public/amsfonts/cm/cmr6.pfb></usr/local/texlive/2015/texmf
-dist/fonts/type1/public/amsfonts/cm/cmr7.pfb></usr/local/texlive/2015/texmf-di
st/fonts/type1/public/amsfonts/cm/cmr8.pfb></usr/local/texlive/2015/texmf-dist/
fonts/type1/public/amsfonts/cm/cmsy10.pfb></usr/local/texlive/2015/texmf-dist/f
onts/type1/public/amsfonts/cm/cmsy8.pfb></usr/local/texlive/2015/texmf-dist/fon
ts/type1/public/amsfonts/euler/eufm10.pfb></usr/local/texlive/2015/texmf-dist/f
onts/type1/urw/courier/ucrb8a.pfb></usr/local/texlive/2015/texmf-dist/fonts/typ
e1/urw/courier/ucrr8a.pfb></usr/local/texlive/2015/texmf-dist/fonts/type1/urw/h
elvetic/uhvb8a.pfb></usr/local/texlive/2015/texmf-dist/fonts/type1/urw/helvetic
/uhvr8a.pfb></usr/local/texlive/2015/texmf-dist/fonts/type1/urw/helvetic/uhvro8
a.pfb></usr/local/texlive/2015/texmf-dist/fonts/type1/urw/times/utmb8a.pfb></us
r/local/texlive/2015/texmf-dist/fonts/type1/urw/times/utmbi8a.pfb></usr/local/t
exlive/2015/texmf-dist/fonts/type1/urw/times/utmr8a.pfb></usr/local/texlive/201
5/texmf-dist/fonts/type1/urw/times/utmri8a.pfb>
Output written on keele_diss.pdf (224 pages, 24240955 bytes).
PDF statistics:
 3425 PDF objects out of 3580 (max. 8388607)
 2403 compressed objects within 25 object streams
 0 named destinations out of 1000 (max. 500000)
 54963 words of extra memory for PDF output out of 61914 (max. 10000000)

